WARN Thread-1 kafka.utils.VerifiableProperties - Property zookeeper.connect is not valid
WARN Thread-1 kafka.producer.async.DefaultEventHandler - Failed to send producer request with correlation id 2 to broker 0 with data for partitions [topic1,0]
java.nio.channels.ClosedChannelException
	at kafka.network.BlockingChannel.send(BlockingChannel.scala:110)
	at kafka.producer.SyncProducer.liftedTree1$1(SyncProducer.scala:75)
	at kafka.producer.SyncProducer.kafka$producer$SyncProducer$$doSend(SyncProducer.scala:74)
	at kafka.producer.SyncProducer$$anonfun$send$1$$anonfun$apply$mcV$sp$1.apply$mcV$sp(SyncProducer.scala:105)
	at kafka.producer.SyncProducer$$anonfun$send$1$$anonfun$apply$mcV$sp$1.apply(SyncProducer.scala:105)
	at kafka.producer.SyncProducer$$anonfun$send$1$$anonfun$apply$mcV$sp$1.apply(SyncProducer.scala:105)
	at kafka.metrics.KafkaTimer.time(KafkaTimer.scala:33)
	at kafka.producer.SyncProducer$$anonfun$send$1.apply$mcV$sp(SyncProducer.scala:104)
	at kafka.producer.SyncProducer$$anonfun$send$1.apply(SyncProducer.scala:104)
	at kafka.producer.SyncProducer$$anonfun$send$1.apply(SyncProducer.scala:104)
	at kafka.metrics.KafkaTimer.time(KafkaTimer.scala:33)
	at kafka.producer.SyncProducer.send(SyncProducer.scala:103)
	at kafka.producer.async.DefaultEventHandler.kafka$producer$async$DefaultEventHandler$$send(DefaultEventHandler.scala:257)
	at kafka.producer.async.DefaultEventHandler$$anonfun$dispatchSerializedData$2.apply(DefaultEventHandler.scala:108)
	at kafka.producer.async.DefaultEventHandler$$anonfun$dispatchSerializedData$2.apply(DefaultEventHandler.scala:100)
	at scala.collection.TraversableLike$WithFilter$$anonfun$foreach$1.apply(TraversableLike.scala:772)
	at scala.collection.mutable.HashMap$$anonfun$foreach$1.apply(HashMap.scala:98)
	at scala.collection.mutable.HashMap$$anonfun$foreach$1.apply(HashMap.scala:98)
	at scala.collection.mutable.HashTable$class.foreachEntry(HashTable.scala:226)
	at scala.collection.mutable.HashMap.foreachEntry(HashMap.scala:39)
	at scala.collection.mutable.HashMap.foreach(HashMap.scala:98)
	at scala.collection.TraversableLike$WithFilter.foreach(TraversableLike.scala:771)
	at kafka.producer.async.DefaultEventHandler.dispatchSerializedData(DefaultEventHandler.scala:100)
	at kafka.producer.async.DefaultEventHandler.handle(DefaultEventHandler.scala:73)
	at kafka.producer.Producer.send(Producer.scala:77)
	at kafka.javaapi.producer.Producer.send(Producer.scala:33)
	at kafka.demo.ProducerTest.run(ProducerTest.java:41)
WARN group1_PC-zhangyilong-1467785385079-41657965-leader-finder-thread kafka.client.ClientUtils$ - Fetching topic metadata with correlation id 0 for topics [Set(topic1)] from broker [BrokerEndPoint(0,localhost,9092)] failed
java.nio.channels.ClosedChannelException
	at kafka.network.BlockingChannel.send(BlockingChannel.scala:110)
	at kafka.producer.SyncProducer.liftedTree1$1(SyncProducer.scala:75)
	at kafka.producer.SyncProducer.kafka$producer$SyncProducer$$doSend(SyncProducer.scala:74)
	at kafka.producer.SyncProducer.send(SyncProducer.scala:119)
	at kafka.client.ClientUtils$.fetchTopicMetadata(ClientUtils.scala:59)
	at kafka.client.ClientUtils$.fetchTopicMetadata(ClientUtils.scala:94)
	at kafka.consumer.ConsumerFetcherManager$LeaderFinderThread.doWork(ConsumerFetcherManager.scala:66)
	at kafka.utils.ShutdownableThread.run(ShutdownableThread.scala:63)
WARN group1_PC-zhangyilong-1467785385079-41657965-leader-finder-thread kafka.consumer.ConsumerFetcherManager$LeaderFinderThread - [group1_PC-zhangyilong-1467785385079-41657965-leader-finder-thread], Failed to find leader for Set([topic1,0])
kafka.common.KafkaException: fetching topic metadata for topics [Set(topic1)] from broker [ArrayBuffer(BrokerEndPoint(0,localhost,9092))] failed
	at kafka.client.ClientUtils$.fetchTopicMetadata(ClientUtils.scala:73)
	at kafka.client.ClientUtils$.fetchTopicMetadata(ClientUtils.scala:94)
	at kafka.consumer.ConsumerFetcherManager$LeaderFinderThread.doWork(ConsumerFetcherManager.scala:66)
	at kafka.utils.ShutdownableThread.run(ShutdownableThread.scala:63)
Caused by: java.nio.channels.ClosedChannelException
	at kafka.network.BlockingChannel.send(BlockingChannel.scala:110)
	at kafka.producer.SyncProducer.liftedTree1$1(SyncProducer.scala:75)
	at kafka.producer.SyncProducer.kafka$producer$SyncProducer$$doSend(SyncProducer.scala:74)
	at kafka.producer.SyncProducer.send(SyncProducer.scala:119)
	at kafka.client.ClientUtils$.fetchTopicMetadata(ClientUtils.scala:59)
	... 3 more
WARN Thread-1 kafka.producer.async.DefaultEventHandler - Failed to send producer request with correlation id 5 to broker 0 with data for partitions [topic1,0]
java.nio.channels.ClosedChannelException
	at kafka.network.BlockingChannel.send(BlockingChannel.scala:110)
	at kafka.producer.SyncProducer.liftedTree1$1(SyncProducer.scala:75)
	at kafka.producer.SyncProducer.kafka$producer$SyncProducer$$doSend(SyncProducer.scala:74)
	at kafka.producer.SyncProducer$$anonfun$send$1$$anonfun$apply$mcV$sp$1.apply$mcV$sp(SyncProducer.scala:105)
	at kafka.producer.SyncProducer$$anonfun$send$1$$anonfun$apply$mcV$sp$1.apply(SyncProducer.scala:105)
	at kafka.producer.SyncProducer$$anonfun$send$1$$anonfun$apply$mcV$sp$1.apply(SyncProducer.scala:105)
	at kafka.metrics.KafkaTimer.time(KafkaTimer.scala:33)
	at kafka.producer.SyncProducer$$anonfun$send$1.apply$mcV$sp(SyncProducer.scala:104)
	at kafka.producer.SyncProducer$$anonfun$send$1.apply(SyncProducer.scala:104)
	at kafka.producer.SyncProducer$$anonfun$send$1.apply(SyncProducer.scala:104)
	at kafka.metrics.KafkaTimer.time(KafkaTimer.scala:33)
	at kafka.producer.SyncProducer.send(SyncProducer.scala:103)
	at kafka.producer.async.DefaultEventHandler.kafka$producer$async$DefaultEventHandler$$send(DefaultEventHandler.scala:257)
	at kafka.producer.async.DefaultEventHandler$$anonfun$dispatchSerializedData$2.apply(DefaultEventHandler.scala:108)
	at kafka.producer.async.DefaultEventHandler$$anonfun$dispatchSerializedData$2.apply(DefaultEventHandler.scala:100)
	at scala.collection.TraversableLike$WithFilter$$anonfun$foreach$1.apply(TraversableLike.scala:772)
	at scala.collection.mutable.HashMap$$anonfun$foreach$1.apply(HashMap.scala:98)
	at scala.collection.mutable.HashMap$$anonfun$foreach$1.apply(HashMap.scala:98)
	at scala.collection.mutable.HashTable$class.foreachEntry(HashTable.scala:226)
	at scala.collection.mutable.HashMap.foreachEntry(HashMap.scala:39)
	at scala.collection.mutable.HashMap.foreach(HashMap.scala:98)
	at scala.collection.TraversableLike$WithFilter.foreach(TraversableLike.scala:771)
	at kafka.producer.async.DefaultEventHandler.dispatchSerializedData(DefaultEventHandler.scala:100)
	at kafka.producer.async.DefaultEventHandler.handle(DefaultEventHandler.scala:73)
	at kafka.producer.Producer.send(Producer.scala:77)
	at kafka.javaapi.producer.Producer.send(Producer.scala:33)
	at kafka.demo.ProducerTest.run(ProducerTest.java:41)
WARN group1_PC-zhangyilong-1467785385079-41657965-leader-finder-thread kafka.client.ClientUtils$ - Fetching topic metadata with correlation id 1 for topics [Set(topic1)] from broker [BrokerEndPoint(0,localhost,9092)] failed
java.nio.channels.ClosedChannelException
	at kafka.network.BlockingChannel.send(BlockingChannel.scala:110)
	at kafka.producer.SyncProducer.liftedTree1$1(SyncProducer.scala:75)
	at kafka.producer.SyncProducer.kafka$producer$SyncProducer$$doSend(SyncProducer.scala:74)
	at kafka.producer.SyncProducer.send(SyncProducer.scala:119)
	at kafka.client.ClientUtils$.fetchTopicMetadata(ClientUtils.scala:59)
	at kafka.client.ClientUtils$.fetchTopicMetadata(ClientUtils.scala:94)
	at kafka.consumer.ConsumerFetcherManager$LeaderFinderThread.doWork(ConsumerFetcherManager.scala:66)
	at kafka.utils.ShutdownableThread.run(ShutdownableThread.scala:63)
WARN group1_PC-zhangyilong-1467785385079-41657965-leader-finder-thread kafka.consumer.ConsumerFetcherManager$LeaderFinderThread - [group1_PC-zhangyilong-1467785385079-41657965-leader-finder-thread], Failed to find leader for Set([topic1,0])
kafka.common.KafkaException: fetching topic metadata for topics [Set(topic1)] from broker [ArrayBuffer(BrokerEndPoint(0,localhost,9092))] failed
	at kafka.client.ClientUtils$.fetchTopicMetadata(ClientUtils.scala:73)
	at kafka.client.ClientUtils$.fetchTopicMetadata(ClientUtils.scala:94)
	at kafka.consumer.ConsumerFetcherManager$LeaderFinderThread.doWork(ConsumerFetcherManager.scala:66)
	at kafka.utils.ShutdownableThread.run(ShutdownableThread.scala:63)
Caused by: java.nio.channels.ClosedChannelException
	at kafka.network.BlockingChannel.send(BlockingChannel.scala:110)
	at kafka.producer.SyncProducer.liftedTree1$1(SyncProducer.scala:75)
	at kafka.producer.SyncProducer.kafka$producer$SyncProducer$$doSend(SyncProducer.scala:74)
	at kafka.producer.SyncProducer.send(SyncProducer.scala:119)
	at kafka.client.ClientUtils$.fetchTopicMetadata(ClientUtils.scala:59)
	... 3 more
WARN Thread-1 kafka.producer.async.DefaultEventHandler - Failed to send producer request with correlation id 8 to broker 0 with data for partitions [topic1,0]
java.nio.channels.ClosedChannelException
	at kafka.network.BlockingChannel.send(BlockingChannel.scala:110)
	at kafka.producer.SyncProducer.liftedTree1$1(SyncProducer.scala:75)
	at kafka.producer.SyncProducer.kafka$producer$SyncProducer$$doSend(SyncProducer.scala:74)
	at kafka.producer.SyncProducer$$anonfun$send$1$$anonfun$apply$mcV$sp$1.apply$mcV$sp(SyncProducer.scala:105)
	at kafka.producer.SyncProducer$$anonfun$send$1$$anonfun$apply$mcV$sp$1.apply(SyncProducer.scala:105)
	at kafka.producer.SyncProducer$$anonfun$send$1$$anonfun$apply$mcV$sp$1.apply(SyncProducer.scala:105)
	at kafka.metrics.KafkaTimer.time(KafkaTimer.scala:33)
	at kafka.producer.SyncProducer$$anonfun$send$1.apply$mcV$sp(SyncProducer.scala:104)
	at kafka.producer.SyncProducer$$anonfun$send$1.apply(SyncProducer.scala:104)
	at kafka.producer.SyncProducer$$anonfun$send$1.apply(SyncProducer.scala:104)
	at kafka.metrics.KafkaTimer.time(KafkaTimer.scala:33)
	at kafka.producer.SyncProducer.send(SyncProducer.scala:103)
	at kafka.producer.async.DefaultEventHandler.kafka$producer$async$DefaultEventHandler$$send(DefaultEventHandler.scala:257)
	at kafka.producer.async.DefaultEventHandler$$anonfun$dispatchSerializedData$2.apply(DefaultEventHandler.scala:108)
	at kafka.producer.async.DefaultEventHandler$$anonfun$dispatchSerializedData$2.apply(DefaultEventHandler.scala:100)
	at scala.collection.TraversableLike$WithFilter$$anonfun$foreach$1.apply(TraversableLike.scala:772)
	at scala.collection.mutable.HashMap$$anonfun$foreach$1.apply(HashMap.scala:98)
	at scala.collection.mutable.HashMap$$anonfun$foreach$1.apply(HashMap.scala:98)
	at scala.collection.mutable.HashTable$class.foreachEntry(HashTable.scala:226)
	at scala.collection.mutable.HashMap.foreachEntry(HashMap.scala:39)
	at scala.collection.mutable.HashMap.foreach(HashMap.scala:98)
	at scala.collection.TraversableLike$WithFilter.foreach(TraversableLike.scala:771)
	at kafka.producer.async.DefaultEventHandler.dispatchSerializedData(DefaultEventHandler.scala:100)
	at kafka.producer.async.DefaultEventHandler.handle(DefaultEventHandler.scala:73)
	at kafka.producer.Producer.send(Producer.scala:77)
	at kafka.javaapi.producer.Producer.send(Producer.scala:33)
	at kafka.demo.ProducerTest.run(ProducerTest.java:41)
WARN group1_PC-zhangyilong-1467785385079-41657965-leader-finder-thread kafka.client.ClientUtils$ - Fetching topic metadata with correlation id 2 for topics [Set(topic1)] from broker [BrokerEndPoint(0,localhost,9092)] failed
java.nio.channels.ClosedChannelException
	at kafka.network.BlockingChannel.send(BlockingChannel.scala:110)
	at kafka.producer.SyncProducer.liftedTree1$1(SyncProducer.scala:75)
	at kafka.producer.SyncProducer.kafka$producer$SyncProducer$$doSend(SyncProducer.scala:74)
	at kafka.producer.SyncProducer.send(SyncProducer.scala:119)
	at kafka.client.ClientUtils$.fetchTopicMetadata(ClientUtils.scala:59)
	at kafka.client.ClientUtils$.fetchTopicMetadata(ClientUtils.scala:94)
	at kafka.consumer.ConsumerFetcherManager$LeaderFinderThread.doWork(ConsumerFetcherManager.scala:66)
	at kafka.utils.ShutdownableThread.run(ShutdownableThread.scala:63)
WARN group1_PC-zhangyilong-1467785385079-41657965-leader-finder-thread kafka.consumer.ConsumerFetcherManager$LeaderFinderThread - [group1_PC-zhangyilong-1467785385079-41657965-leader-finder-thread], Failed to find leader for Set([topic1,0])
kafka.common.KafkaException: fetching topic metadata for topics [Set(topic1)] from broker [ArrayBuffer(BrokerEndPoint(0,localhost,9092))] failed
	at kafka.client.ClientUtils$.fetchTopicMetadata(ClientUtils.scala:73)
	at kafka.client.ClientUtils$.fetchTopicMetadata(ClientUtils.scala:94)
	at kafka.consumer.ConsumerFetcherManager$LeaderFinderThread.doWork(ConsumerFetcherManager.scala:66)
	at kafka.utils.ShutdownableThread.run(ShutdownableThread.scala:63)
Caused by: java.nio.channels.ClosedChannelException
	at kafka.network.BlockingChannel.send(BlockingChannel.scala:110)
	at kafka.producer.SyncProducer.liftedTree1$1(SyncProducer.scala:75)
	at kafka.producer.SyncProducer.kafka$producer$SyncProducer$$doSend(SyncProducer.scala:74)
	at kafka.producer.SyncProducer.send(SyncProducer.scala:119)
	at kafka.client.ClientUtils$.fetchTopicMetadata(ClientUtils.scala:59)
	... 3 more
WARN Thread-1 kafka.utils.VerifiableProperties - Property zookeeper.connect is not valid
WARN Thread-1 kafka.utils.VerifiableProperties - Property zookeeper.connect is not valid
WARN Thread-1 kafka.producer.BrokerPartitionInfo - Error while fetching metadata [{TopicMetadata for topic topic1 -> 
No partition metadata for topic topic1 due to kafka.common.LeaderNotAvailableException}] for topic [topic1]: class kafka.common.LeaderNotAvailableException 
WARN Thread-1 kafka.producer.BrokerPartitionInfo - Error while fetching metadata [{TopicMetadata for topic topic1 -> 
No partition metadata for topic topic1 due to kafka.common.LeaderNotAvailableException}] for topic [topic1]: class kafka.common.LeaderNotAvailableException 
ERROR Thread-1 kafka.producer.async.DefaultEventHandler - Failed to collate messages by topic, partition due to: Failed to fetch topic metadata for topic: topic1
WARN Thread-1 kafka.producer.BrokerPartitionInfo - Error while fetching metadata [{TopicMetadata for topic topic1 -> 
No partition metadata for topic topic1 due to kafka.common.LeaderNotAvailableException}] for topic [topic1]: class kafka.common.LeaderNotAvailableException 
WARN Thread-1 kafka.producer.BrokerPartitionInfo - Error while fetching metadata [{TopicMetadata for topic topic1 -> 
No partition metadata for topic topic1 due to kafka.common.LeaderNotAvailableException}] for topic [topic1]: class kafka.common.LeaderNotAvailableException 
ERROR Thread-1 kafka.producer.async.DefaultEventHandler - Failed to collate messages by topic, partition due to: Failed to fetch topic metadata for topic: topic1
WARN Thread-1 kafka.producer.BrokerPartitionInfo - Error while fetching metadata [{TopicMetadata for topic topic1 -> 
No partition metadata for topic topic1 due to kafka.common.LeaderNotAvailableException}] for topic [topic1]: class kafka.common.LeaderNotAvailableException 
WARN Thread-1 kafka.producer.BrokerPartitionInfo - Error while fetching metadata [{TopicMetadata for topic topic1 -> 
No partition metadata for topic topic1 due to kafka.common.LeaderNotAvailableException}] for topic [topic1]: class kafka.common.LeaderNotAvailableException 
ERROR Thread-1 kafka.producer.async.DefaultEventHandler - Failed to collate messages by topic, partition due to: Failed to fetch topic metadata for topic: topic1
WARN Thread-1 kafka.producer.async.DefaultEventHandler - Failed to send producer request with correlation id 8 to broker 0 with data for partitions [topic1,0]
java.nio.channels.ClosedChannelException
	at kafka.network.BlockingChannel.send(BlockingChannel.scala:110)
	at kafka.producer.SyncProducer.liftedTree1$1(SyncProducer.scala:75)
	at kafka.producer.SyncProducer.kafka$producer$SyncProducer$$doSend(SyncProducer.scala:74)
	at kafka.producer.SyncProducer$$anonfun$send$1$$anonfun$apply$mcV$sp$1.apply$mcV$sp(SyncProducer.scala:105)
	at kafka.producer.SyncProducer$$anonfun$send$1$$anonfun$apply$mcV$sp$1.apply(SyncProducer.scala:105)
	at kafka.producer.SyncProducer$$anonfun$send$1$$anonfun$apply$mcV$sp$1.apply(SyncProducer.scala:105)
	at kafka.metrics.KafkaTimer.time(KafkaTimer.scala:33)
	at kafka.producer.SyncProducer$$anonfun$send$1.apply$mcV$sp(SyncProducer.scala:104)
	at kafka.producer.SyncProducer$$anonfun$send$1.apply(SyncProducer.scala:104)
	at kafka.producer.SyncProducer$$anonfun$send$1.apply(SyncProducer.scala:104)
	at kafka.metrics.KafkaTimer.time(KafkaTimer.scala:33)
	at kafka.producer.SyncProducer.send(SyncProducer.scala:103)
	at kafka.producer.async.DefaultEventHandler.kafka$producer$async$DefaultEventHandler$$send(DefaultEventHandler.scala:257)
	at kafka.producer.async.DefaultEventHandler$$anonfun$dispatchSerializedData$2.apply(DefaultEventHandler.scala:108)
	at kafka.producer.async.DefaultEventHandler$$anonfun$dispatchSerializedData$2.apply(DefaultEventHandler.scala:100)
	at scala.collection.TraversableLike$WithFilter$$anonfun$foreach$1.apply(TraversableLike.scala:772)
	at scala.collection.mutable.HashMap$$anonfun$foreach$1.apply(HashMap.scala:98)
	at scala.collection.mutable.HashMap$$anonfun$foreach$1.apply(HashMap.scala:98)
	at scala.collection.mutable.HashTable$class.foreachEntry(HashTable.scala:226)
	at scala.collection.mutable.HashMap.foreachEntry(HashMap.scala:39)
	at scala.collection.mutable.HashMap.foreach(HashMap.scala:98)
	at scala.collection.TraversableLike$WithFilter.foreach(TraversableLike.scala:771)
	at kafka.producer.async.DefaultEventHandler.dispatchSerializedData(DefaultEventHandler.scala:100)
	at kafka.producer.async.DefaultEventHandler.handle(DefaultEventHandler.scala:73)
	at kafka.producer.Producer.send(Producer.scala:77)
	at kafka.javaapi.producer.Producer.send(Producer.scala:33)
	at kafka.demo.ProducerTest.run(ProducerTest.java:41)
ERROR Thread-1 kafka.producer.async.DefaultEventHandler - Failed to send requests for topics topic1 with correlation ids in [0,9]
WARN Thread-1 kafka.utils.VerifiableProperties - Property zookeeper.connect is not valid
WARN Thread-1 kafka.producer.async.DefaultEventHandler - Failed to send producer request with correlation id 2 to broker 0 with data for partitions [topic1,0]
java.nio.channels.ClosedChannelException
	at kafka.network.BlockingChannel.send(BlockingChannel.scala:110)
	at kafka.producer.SyncProducer.liftedTree1$1(SyncProducer.scala:75)
	at kafka.producer.SyncProducer.kafka$producer$SyncProducer$$doSend(SyncProducer.scala:74)
	at kafka.producer.SyncProducer$$anonfun$send$1$$anonfun$apply$mcV$sp$1.apply$mcV$sp(SyncProducer.scala:105)
	at kafka.producer.SyncProducer$$anonfun$send$1$$anonfun$apply$mcV$sp$1.apply(SyncProducer.scala:105)
	at kafka.producer.SyncProducer$$anonfun$send$1$$anonfun$apply$mcV$sp$1.apply(SyncProducer.scala:105)
	at kafka.metrics.KafkaTimer.time(KafkaTimer.scala:33)
	at kafka.producer.SyncProducer$$anonfun$send$1.apply$mcV$sp(SyncProducer.scala:104)
	at kafka.producer.SyncProducer$$anonfun$send$1.apply(SyncProducer.scala:104)
	at kafka.producer.SyncProducer$$anonfun$send$1.apply(SyncProducer.scala:104)
	at kafka.metrics.KafkaTimer.time(KafkaTimer.scala:33)
	at kafka.producer.SyncProducer.send(SyncProducer.scala:103)
	at kafka.producer.async.DefaultEventHandler.kafka$producer$async$DefaultEventHandler$$send(DefaultEventHandler.scala:257)
	at kafka.producer.async.DefaultEventHandler$$anonfun$dispatchSerializedData$2.apply(DefaultEventHandler.scala:108)
	at kafka.producer.async.DefaultEventHandler$$anonfun$dispatchSerializedData$2.apply(DefaultEventHandler.scala:100)
	at scala.collection.TraversableLike$WithFilter$$anonfun$foreach$1.apply(TraversableLike.scala:772)
	at scala.collection.mutable.HashMap$$anonfun$foreach$1.apply(HashMap.scala:98)
	at scala.collection.mutable.HashMap$$anonfun$foreach$1.apply(HashMap.scala:98)
	at scala.collection.mutable.HashTable$class.foreachEntry(HashTable.scala:226)
	at scala.collection.mutable.HashMap.foreachEntry(HashMap.scala:39)
	at scala.collection.mutable.HashMap.foreach(HashMap.scala:98)
	at scala.collection.TraversableLike$WithFilter.foreach(TraversableLike.scala:771)
	at kafka.producer.async.DefaultEventHandler.dispatchSerializedData(DefaultEventHandler.scala:100)
	at kafka.producer.async.DefaultEventHandler.handle(DefaultEventHandler.scala:73)
	at kafka.producer.Producer.send(Producer.scala:77)
	at kafka.javaapi.producer.Producer.send(Producer.scala:33)
	at kafka.demo.ProducerTest.run(ProducerTest.java:41)
WARN Thread-1 kafka.producer.async.DefaultEventHandler - Failed to send producer request with correlation id 5 to broker 0 with data for partitions [topic1,0]
java.nio.channels.ClosedChannelException
	at kafka.network.BlockingChannel.send(BlockingChannel.scala:110)
	at kafka.producer.SyncProducer.liftedTree1$1(SyncProducer.scala:75)
	at kafka.producer.SyncProducer.kafka$producer$SyncProducer$$doSend(SyncProducer.scala:74)
	at kafka.producer.SyncProducer$$anonfun$send$1$$anonfun$apply$mcV$sp$1.apply$mcV$sp(SyncProducer.scala:105)
	at kafka.producer.SyncProducer$$anonfun$send$1$$anonfun$apply$mcV$sp$1.apply(SyncProducer.scala:105)
	at kafka.producer.SyncProducer$$anonfun$send$1$$anonfun$apply$mcV$sp$1.apply(SyncProducer.scala:105)
	at kafka.metrics.KafkaTimer.time(KafkaTimer.scala:33)
	at kafka.producer.SyncProducer$$anonfun$send$1.apply$mcV$sp(SyncProducer.scala:104)
	at kafka.producer.SyncProducer$$anonfun$send$1.apply(SyncProducer.scala:104)
	at kafka.producer.SyncProducer$$anonfun$send$1.apply(SyncProducer.scala:104)
	at kafka.metrics.KafkaTimer.time(KafkaTimer.scala:33)
	at kafka.producer.SyncProducer.send(SyncProducer.scala:103)
	at kafka.producer.async.DefaultEventHandler.kafka$producer$async$DefaultEventHandler$$send(DefaultEventHandler.scala:257)
	at kafka.producer.async.DefaultEventHandler$$anonfun$dispatchSerializedData$2.apply(DefaultEventHandler.scala:108)
	at kafka.producer.async.DefaultEventHandler$$anonfun$dispatchSerializedData$2.apply(DefaultEventHandler.scala:100)
	at scala.collection.TraversableLike$WithFilter$$anonfun$foreach$1.apply(TraversableLike.scala:772)
	at scala.collection.mutable.HashMap$$anonfun$foreach$1.apply(HashMap.scala:98)
	at scala.collection.mutable.HashMap$$anonfun$foreach$1.apply(HashMap.scala:98)
	at scala.collection.mutable.HashTable$class.foreachEntry(HashTable.scala:226)
	at scala.collection.mutable.HashMap.foreachEntry(HashMap.scala:39)
	at scala.collection.mutable.HashMap.foreach(HashMap.scala:98)
	at scala.collection.TraversableLike$WithFilter.foreach(TraversableLike.scala:771)
	at kafka.producer.async.DefaultEventHandler.dispatchSerializedData(DefaultEventHandler.scala:100)
	at kafka.producer.async.DefaultEventHandler.handle(DefaultEventHandler.scala:73)
	at kafka.producer.Producer.send(Producer.scala:77)
	at kafka.javaapi.producer.Producer.send(Producer.scala:33)
	at kafka.demo.ProducerTest.run(ProducerTest.java:41)
WARN Thread-1 kafka.producer.async.DefaultEventHandler - Failed to send producer request with correlation id 8 to broker 0 with data for partitions [topic1,0]
java.nio.channels.ClosedChannelException
	at kafka.network.BlockingChannel.send(BlockingChannel.scala:110)
	at kafka.producer.SyncProducer.liftedTree1$1(SyncProducer.scala:75)
	at kafka.producer.SyncProducer.kafka$producer$SyncProducer$$doSend(SyncProducer.scala:74)
	at kafka.producer.SyncProducer$$anonfun$send$1$$anonfun$apply$mcV$sp$1.apply$mcV$sp(SyncProducer.scala:105)
	at kafka.producer.SyncProducer$$anonfun$send$1$$anonfun$apply$mcV$sp$1.apply(SyncProducer.scala:105)
	at kafka.producer.SyncProducer$$anonfun$send$1$$anonfun$apply$mcV$sp$1.apply(SyncProducer.scala:105)
	at kafka.metrics.KafkaTimer.time(KafkaTimer.scala:33)
	at kafka.producer.SyncProducer$$anonfun$send$1.apply$mcV$sp(SyncProducer.scala:104)
	at kafka.producer.SyncProducer$$anonfun$send$1.apply(SyncProducer.scala:104)
	at kafka.producer.SyncProducer$$anonfun$send$1.apply(SyncProducer.scala:104)
	at kafka.metrics.KafkaTimer.time(KafkaTimer.scala:33)
	at kafka.producer.SyncProducer.send(SyncProducer.scala:103)
	at kafka.producer.async.DefaultEventHandler.kafka$producer$async$DefaultEventHandler$$send(DefaultEventHandler.scala:257)
	at kafka.producer.async.DefaultEventHandler$$anonfun$dispatchSerializedData$2.apply(DefaultEventHandler.scala:108)
	at kafka.producer.async.DefaultEventHandler$$anonfun$dispatchSerializedData$2.apply(DefaultEventHandler.scala:100)
	at scala.collection.TraversableLike$WithFilter$$anonfun$foreach$1.apply(TraversableLike.scala:772)
	at scala.collection.mutable.HashMap$$anonfun$foreach$1.apply(HashMap.scala:98)
	at scala.collection.mutable.HashMap$$anonfun$foreach$1.apply(HashMap.scala:98)
	at scala.collection.mutable.HashTable$class.foreachEntry(HashTable.scala:226)
	at scala.collection.mutable.HashMap.foreachEntry(HashMap.scala:39)
	at scala.collection.mutable.HashMap.foreach(HashMap.scala:98)
	at scala.collection.TraversableLike$WithFilter.foreach(TraversableLike.scala:771)
	at kafka.producer.async.DefaultEventHandler.dispatchSerializedData(DefaultEventHandler.scala:100)
	at kafka.producer.async.DefaultEventHandler.handle(DefaultEventHandler.scala:73)
	at kafka.producer.Producer.send(Producer.scala:77)
	at kafka.javaapi.producer.Producer.send(Producer.scala:33)
	at kafka.demo.ProducerTest.run(ProducerTest.java:41)
WARN Thread-1 kafka.producer.async.DefaultEventHandler - Failed to send producer request with correlation id 11 to broker 0 with data for partitions [topic1,0]
java.nio.channels.ClosedChannelException
	at kafka.network.BlockingChannel.send(BlockingChannel.scala:110)
	at kafka.producer.SyncProducer.liftedTree1$1(SyncProducer.scala:75)
	at kafka.producer.SyncProducer.kafka$producer$SyncProducer$$doSend(SyncProducer.scala:74)
	at kafka.producer.SyncProducer$$anonfun$send$1$$anonfun$apply$mcV$sp$1.apply$mcV$sp(SyncProducer.scala:105)
	at kafka.producer.SyncProducer$$anonfun$send$1$$anonfun$apply$mcV$sp$1.apply(SyncProducer.scala:105)
	at kafka.producer.SyncProducer$$anonfun$send$1$$anonfun$apply$mcV$sp$1.apply(SyncProducer.scala:105)
	at kafka.metrics.KafkaTimer.time(KafkaTimer.scala:33)
	at kafka.producer.SyncProducer$$anonfun$send$1.apply$mcV$sp(SyncProducer.scala:104)
	at kafka.producer.SyncProducer$$anonfun$send$1.apply(SyncProducer.scala:104)
	at kafka.producer.SyncProducer$$anonfun$send$1.apply(SyncProducer.scala:104)
	at kafka.metrics.KafkaTimer.time(KafkaTimer.scala:33)
	at kafka.producer.SyncProducer.send(SyncProducer.scala:103)
	at kafka.producer.async.DefaultEventHandler.kafka$producer$async$DefaultEventHandler$$send(DefaultEventHandler.scala:257)
	at kafka.producer.async.DefaultEventHandler$$anonfun$dispatchSerializedData$2.apply(DefaultEventHandler.scala:108)
	at kafka.producer.async.DefaultEventHandler$$anonfun$dispatchSerializedData$2.apply(DefaultEventHandler.scala:100)
	at scala.collection.TraversableLike$WithFilter$$anonfun$foreach$1.apply(TraversableLike.scala:772)
	at scala.collection.mutable.HashMap$$anonfun$foreach$1.apply(HashMap.scala:98)
	at scala.collection.mutable.HashMap$$anonfun$foreach$1.apply(HashMap.scala:98)
	at scala.collection.mutable.HashTable$class.foreachEntry(HashTable.scala:226)
	at scala.collection.mutable.HashMap.foreachEntry(HashMap.scala:39)
	at scala.collection.mutable.HashMap.foreach(HashMap.scala:98)
	at scala.collection.TraversableLike$WithFilter.foreach(TraversableLike.scala:771)
	at kafka.producer.async.DefaultEventHandler.dispatchSerializedData(DefaultEventHandler.scala:100)
	at kafka.producer.async.DefaultEventHandler.handle(DefaultEventHandler.scala:73)
	at kafka.producer.Producer.send(Producer.scala:77)
	at kafka.javaapi.producer.Producer.send(Producer.scala:33)
	at kafka.demo.ProducerTest.run(ProducerTest.java:41)
ERROR Thread-1 kafka.producer.async.DefaultEventHandler - Failed to send requests for topics topic1 with correlation ids in [0,12]
WARN Thread-1 kafka.utils.VerifiableProperties - Property zookeeper.connect is not valid
WARN Thread-1 kafka.producer.async.DefaultEventHandler - Failed to send producer request with correlation id 2 to broker 0 with data for partitions [topic1,0]
java.nio.channels.ClosedChannelException
	at kafka.network.BlockingChannel.send(BlockingChannel.scala:110)
	at kafka.producer.SyncProducer.liftedTree1$1(SyncProducer.scala:75)
	at kafka.producer.SyncProducer.kafka$producer$SyncProducer$$doSend(SyncProducer.scala:74)
	at kafka.producer.SyncProducer$$anonfun$send$1$$anonfun$apply$mcV$sp$1.apply$mcV$sp(SyncProducer.scala:105)
	at kafka.producer.SyncProducer$$anonfun$send$1$$anonfun$apply$mcV$sp$1.apply(SyncProducer.scala:105)
	at kafka.producer.SyncProducer$$anonfun$send$1$$anonfun$apply$mcV$sp$1.apply(SyncProducer.scala:105)
	at kafka.metrics.KafkaTimer.time(KafkaTimer.scala:33)
	at kafka.producer.SyncProducer$$anonfun$send$1.apply$mcV$sp(SyncProducer.scala:104)
	at kafka.producer.SyncProducer$$anonfun$send$1.apply(SyncProducer.scala:104)
	at kafka.producer.SyncProducer$$anonfun$send$1.apply(SyncProducer.scala:104)
	at kafka.metrics.KafkaTimer.time(KafkaTimer.scala:33)
	at kafka.producer.SyncProducer.send(SyncProducer.scala:103)
	at kafka.producer.async.DefaultEventHandler.kafka$producer$async$DefaultEventHandler$$send(DefaultEventHandler.scala:257)
	at kafka.producer.async.DefaultEventHandler$$anonfun$dispatchSerializedData$2.apply(DefaultEventHandler.scala:108)
	at kafka.producer.async.DefaultEventHandler$$anonfun$dispatchSerializedData$2.apply(DefaultEventHandler.scala:100)
	at scala.collection.TraversableLike$WithFilter$$anonfun$foreach$1.apply(TraversableLike.scala:772)
	at scala.collection.mutable.HashMap$$anonfun$foreach$1.apply(HashMap.scala:98)
	at scala.collection.mutable.HashMap$$anonfun$foreach$1.apply(HashMap.scala:98)
	at scala.collection.mutable.HashTable$class.foreachEntry(HashTable.scala:226)
	at scala.collection.mutable.HashMap.foreachEntry(HashMap.scala:39)
	at scala.collection.mutable.HashMap.foreach(HashMap.scala:98)
	at scala.collection.TraversableLike$WithFilter.foreach(TraversableLike.scala:771)
	at kafka.producer.async.DefaultEventHandler.dispatchSerializedData(DefaultEventHandler.scala:100)
	at kafka.producer.async.DefaultEventHandler.handle(DefaultEventHandler.scala:73)
	at kafka.producer.Producer.send(Producer.scala:77)
	at kafka.javaapi.producer.Producer.send(Producer.scala:33)
	at kafka.demo.ProducerTest.run(ProducerTest.java:41)
WARN Thread-1 kafka.producer.async.DefaultEventHandler - Failed to send producer request with correlation id 5 to broker 0 with data for partitions [topic1,0]
java.nio.channels.ClosedChannelException
	at kafka.network.BlockingChannel.send(BlockingChannel.scala:110)
	at kafka.producer.SyncProducer.liftedTree1$1(SyncProducer.scala:75)
	at kafka.producer.SyncProducer.kafka$producer$SyncProducer$$doSend(SyncProducer.scala:74)
	at kafka.producer.SyncProducer$$anonfun$send$1$$anonfun$apply$mcV$sp$1.apply$mcV$sp(SyncProducer.scala:105)
	at kafka.producer.SyncProducer$$anonfun$send$1$$anonfun$apply$mcV$sp$1.apply(SyncProducer.scala:105)
	at kafka.producer.SyncProducer$$anonfun$send$1$$anonfun$apply$mcV$sp$1.apply(SyncProducer.scala:105)
	at kafka.metrics.KafkaTimer.time(KafkaTimer.scala:33)
	at kafka.producer.SyncProducer$$anonfun$send$1.apply$mcV$sp(SyncProducer.scala:104)
	at kafka.producer.SyncProducer$$anonfun$send$1.apply(SyncProducer.scala:104)
	at kafka.producer.SyncProducer$$anonfun$send$1.apply(SyncProducer.scala:104)
	at kafka.metrics.KafkaTimer.time(KafkaTimer.scala:33)
	at kafka.producer.SyncProducer.send(SyncProducer.scala:103)
	at kafka.producer.async.DefaultEventHandler.kafka$producer$async$DefaultEventHandler$$send(DefaultEventHandler.scala:257)
	at kafka.producer.async.DefaultEventHandler$$anonfun$dispatchSerializedData$2.apply(DefaultEventHandler.scala:108)
	at kafka.producer.async.DefaultEventHandler$$anonfun$dispatchSerializedData$2.apply(DefaultEventHandler.scala:100)
	at scala.collection.TraversableLike$WithFilter$$anonfun$foreach$1.apply(TraversableLike.scala:772)
	at scala.collection.mutable.HashMap$$anonfun$foreach$1.apply(HashMap.scala:98)
	at scala.collection.mutable.HashMap$$anonfun$foreach$1.apply(HashMap.scala:98)
	at scala.collection.mutable.HashTable$class.foreachEntry(HashTable.scala:226)
	at scala.collection.mutable.HashMap.foreachEntry(HashMap.scala:39)
	at scala.collection.mutable.HashMap.foreach(HashMap.scala:98)
	at scala.collection.TraversableLike$WithFilter.foreach(TraversableLike.scala:771)
	at kafka.producer.async.DefaultEventHandler.dispatchSerializedData(DefaultEventHandler.scala:100)
	at kafka.producer.async.DefaultEventHandler.handle(DefaultEventHandler.scala:73)
	at kafka.producer.Producer.send(Producer.scala:77)
	at kafka.javaapi.producer.Producer.send(Producer.scala:33)
	at kafka.demo.ProducerTest.run(ProducerTest.java:41)
WARN Thread-1 kafka.producer.async.DefaultEventHandler - Failed to send producer request with correlation id 8 to broker 0 with data for partitions [topic1,0]
java.nio.channels.ClosedChannelException
	at kafka.network.BlockingChannel.send(BlockingChannel.scala:110)
	at kafka.producer.SyncProducer.liftedTree1$1(SyncProducer.scala:75)
	at kafka.producer.SyncProducer.kafka$producer$SyncProducer$$doSend(SyncProducer.scala:74)
	at kafka.producer.SyncProducer$$anonfun$send$1$$anonfun$apply$mcV$sp$1.apply$mcV$sp(SyncProducer.scala:105)
	at kafka.producer.SyncProducer$$anonfun$send$1$$anonfun$apply$mcV$sp$1.apply(SyncProducer.scala:105)
	at kafka.producer.SyncProducer$$anonfun$send$1$$anonfun$apply$mcV$sp$1.apply(SyncProducer.scala:105)
	at kafka.metrics.KafkaTimer.time(KafkaTimer.scala:33)
	at kafka.producer.SyncProducer$$anonfun$send$1.apply$mcV$sp(SyncProducer.scala:104)
	at kafka.producer.SyncProducer$$anonfun$send$1.apply(SyncProducer.scala:104)
	at kafka.producer.SyncProducer$$anonfun$send$1.apply(SyncProducer.scala:104)
	at kafka.metrics.KafkaTimer.time(KafkaTimer.scala:33)
	at kafka.producer.SyncProducer.send(SyncProducer.scala:103)
	at kafka.producer.async.DefaultEventHandler.kafka$producer$async$DefaultEventHandler$$send(DefaultEventHandler.scala:257)
	at kafka.producer.async.DefaultEventHandler$$anonfun$dispatchSerializedData$2.apply(DefaultEventHandler.scala:108)
	at kafka.producer.async.DefaultEventHandler$$anonfun$dispatchSerializedData$2.apply(DefaultEventHandler.scala:100)
	at scala.collection.TraversableLike$WithFilter$$anonfun$foreach$1.apply(TraversableLike.scala:772)
	at scala.collection.mutable.HashMap$$anonfun$foreach$1.apply(HashMap.scala:98)
	at scala.collection.mutable.HashMap$$anonfun$foreach$1.apply(HashMap.scala:98)
	at scala.collection.mutable.HashTable$class.foreachEntry(HashTable.scala:226)
	at scala.collection.mutable.HashMap.foreachEntry(HashMap.scala:39)
	at scala.collection.mutable.HashMap.foreach(HashMap.scala:98)
	at scala.collection.TraversableLike$WithFilter.foreach(TraversableLike.scala:771)
	at kafka.producer.async.DefaultEventHandler.dispatchSerializedData(DefaultEventHandler.scala:100)
	at kafka.producer.async.DefaultEventHandler.handle(DefaultEventHandler.scala:73)
	at kafka.producer.Producer.send(Producer.scala:77)
	at kafka.javaapi.producer.Producer.send(Producer.scala:33)
	at kafka.demo.ProducerTest.run(ProducerTest.java:41)
WARN Thread-1 kafka.producer.async.DefaultEventHandler - Failed to send producer request with correlation id 11 to broker 0 with data for partitions [topic1,0]
java.nio.channels.ClosedChannelException
	at kafka.network.BlockingChannel.send(BlockingChannel.scala:110)
	at kafka.producer.SyncProducer.liftedTree1$1(SyncProducer.scala:75)
	at kafka.producer.SyncProducer.kafka$producer$SyncProducer$$doSend(SyncProducer.scala:74)
	at kafka.producer.SyncProducer$$anonfun$send$1$$anonfun$apply$mcV$sp$1.apply$mcV$sp(SyncProducer.scala:105)
	at kafka.producer.SyncProducer$$anonfun$send$1$$anonfun$apply$mcV$sp$1.apply(SyncProducer.scala:105)
	at kafka.producer.SyncProducer$$anonfun$send$1$$anonfun$apply$mcV$sp$1.apply(SyncProducer.scala:105)
	at kafka.metrics.KafkaTimer.time(KafkaTimer.scala:33)
	at kafka.producer.SyncProducer$$anonfun$send$1.apply$mcV$sp(SyncProducer.scala:104)
	at kafka.producer.SyncProducer$$anonfun$send$1.apply(SyncProducer.scala:104)
	at kafka.producer.SyncProducer$$anonfun$send$1.apply(SyncProducer.scala:104)
	at kafka.metrics.KafkaTimer.time(KafkaTimer.scala:33)
	at kafka.producer.SyncProducer.send(SyncProducer.scala:103)
	at kafka.producer.async.DefaultEventHandler.kafka$producer$async$DefaultEventHandler$$send(DefaultEventHandler.scala:257)
	at kafka.producer.async.DefaultEventHandler$$anonfun$dispatchSerializedData$2.apply(DefaultEventHandler.scala:108)
	at kafka.producer.async.DefaultEventHandler$$anonfun$dispatchSerializedData$2.apply(DefaultEventHandler.scala:100)
	at scala.collection.TraversableLike$WithFilter$$anonfun$foreach$1.apply(TraversableLike.scala:772)
	at scala.collection.mutable.HashMap$$anonfun$foreach$1.apply(HashMap.scala:98)
	at scala.collection.mutable.HashMap$$anonfun$foreach$1.apply(HashMap.scala:98)
	at scala.collection.mutable.HashTable$class.foreachEntry(HashTable.scala:226)
	at scala.collection.mutable.HashMap.foreachEntry(HashMap.scala:39)
	at scala.collection.mutable.HashMap.foreach(HashMap.scala:98)
	at scala.collection.TraversableLike$WithFilter.foreach(TraversableLike.scala:771)
	at kafka.producer.async.DefaultEventHandler.dispatchSerializedData(DefaultEventHandler.scala:100)
	at kafka.producer.async.DefaultEventHandler.handle(DefaultEventHandler.scala:73)
	at kafka.producer.Producer.send(Producer.scala:77)
	at kafka.javaapi.producer.Producer.send(Producer.scala:33)
	at kafka.demo.ProducerTest.run(ProducerTest.java:41)
ERROR Thread-1 kafka.producer.async.DefaultEventHandler - Failed to send requests for topics topic1 with correlation ids in [0,12]
WARN Thread-1 kafka.utils.VerifiableProperties - Property zookeeper.connect is not valid
WARN Thread-1 kafka.producer.async.DefaultEventHandler - Failed to send producer request with correlation id 2 to broker 0 with data for partitions [topic1,0]
java.nio.channels.ClosedChannelException
	at kafka.network.BlockingChannel.send(BlockingChannel.scala:110)
	at kafka.producer.SyncProducer.liftedTree1$1(SyncProducer.scala:75)
	at kafka.producer.SyncProducer.kafka$producer$SyncProducer$$doSend(SyncProducer.scala:74)
	at kafka.producer.SyncProducer$$anonfun$send$1$$anonfun$apply$mcV$sp$1.apply$mcV$sp(SyncProducer.scala:105)
	at kafka.producer.SyncProducer$$anonfun$send$1$$anonfun$apply$mcV$sp$1.apply(SyncProducer.scala:105)
	at kafka.producer.SyncProducer$$anonfun$send$1$$anonfun$apply$mcV$sp$1.apply(SyncProducer.scala:105)
	at kafka.metrics.KafkaTimer.time(KafkaTimer.scala:33)
	at kafka.producer.SyncProducer$$anonfun$send$1.apply$mcV$sp(SyncProducer.scala:104)
	at kafka.producer.SyncProducer$$anonfun$send$1.apply(SyncProducer.scala:104)
	at kafka.producer.SyncProducer$$anonfun$send$1.apply(SyncProducer.scala:104)
	at kafka.metrics.KafkaTimer.time(KafkaTimer.scala:33)
	at kafka.producer.SyncProducer.send(SyncProducer.scala:103)
	at kafka.producer.async.DefaultEventHandler.kafka$producer$async$DefaultEventHandler$$send(DefaultEventHandler.scala:257)
	at kafka.producer.async.DefaultEventHandler$$anonfun$dispatchSerializedData$2.apply(DefaultEventHandler.scala:108)
	at kafka.producer.async.DefaultEventHandler$$anonfun$dispatchSerializedData$2.apply(DefaultEventHandler.scala:100)
	at scala.collection.TraversableLike$WithFilter$$anonfun$foreach$1.apply(TraversableLike.scala:772)
	at scala.collection.mutable.HashMap$$anonfun$foreach$1.apply(HashMap.scala:98)
	at scala.collection.mutable.HashMap$$anonfun$foreach$1.apply(HashMap.scala:98)
	at scala.collection.mutable.HashTable$class.foreachEntry(HashTable.scala:226)
	at scala.collection.mutable.HashMap.foreachEntry(HashMap.scala:39)
	at scala.collection.mutable.HashMap.foreach(HashMap.scala:98)
	at scala.collection.TraversableLike$WithFilter.foreach(TraversableLike.scala:771)
	at kafka.producer.async.DefaultEventHandler.dispatchSerializedData(DefaultEventHandler.scala:100)
	at kafka.producer.async.DefaultEventHandler.handle(DefaultEventHandler.scala:73)
	at kafka.producer.Producer.send(Producer.scala:77)
	at kafka.javaapi.producer.Producer.send(Producer.scala:33)
	at kafka.demo.ProducerTest.run(ProducerTest.java:41)
WARN Thread-1 kafka.producer.async.DefaultEventHandler - Failed to send producer request with correlation id 5 to broker 0 with data for partitions [topic1,0]
java.nio.channels.ClosedChannelException
	at kafka.network.BlockingChannel.send(BlockingChannel.scala:110)
	at kafka.producer.SyncProducer.liftedTree1$1(SyncProducer.scala:75)
	at kafka.producer.SyncProducer.kafka$producer$SyncProducer$$doSend(SyncProducer.scala:74)
	at kafka.producer.SyncProducer$$anonfun$send$1$$anonfun$apply$mcV$sp$1.apply$mcV$sp(SyncProducer.scala:105)
	at kafka.producer.SyncProducer$$anonfun$send$1$$anonfun$apply$mcV$sp$1.apply(SyncProducer.scala:105)
	at kafka.producer.SyncProducer$$anonfun$send$1$$anonfun$apply$mcV$sp$1.apply(SyncProducer.scala:105)
	at kafka.metrics.KafkaTimer.time(KafkaTimer.scala:33)
	at kafka.producer.SyncProducer$$anonfun$send$1.apply$mcV$sp(SyncProducer.scala:104)
	at kafka.producer.SyncProducer$$anonfun$send$1.apply(SyncProducer.scala:104)
	at kafka.producer.SyncProducer$$anonfun$send$1.apply(SyncProducer.scala:104)
	at kafka.metrics.KafkaTimer.time(KafkaTimer.scala:33)
	at kafka.producer.SyncProducer.send(SyncProducer.scala:103)
	at kafka.producer.async.DefaultEventHandler.kafka$producer$async$DefaultEventHandler$$send(DefaultEventHandler.scala:257)
	at kafka.producer.async.DefaultEventHandler$$anonfun$dispatchSerializedData$2.apply(DefaultEventHandler.scala:108)
	at kafka.producer.async.DefaultEventHandler$$anonfun$dispatchSerializedData$2.apply(DefaultEventHandler.scala:100)
	at scala.collection.TraversableLike$WithFilter$$anonfun$foreach$1.apply(TraversableLike.scala:772)
	at scala.collection.mutable.HashMap$$anonfun$foreach$1.apply(HashMap.scala:98)
	at scala.collection.mutable.HashMap$$anonfun$foreach$1.apply(HashMap.scala:98)
	at scala.collection.mutable.HashTable$class.foreachEntry(HashTable.scala:226)
	at scala.collection.mutable.HashMap.foreachEntry(HashMap.scala:39)
	at scala.collection.mutable.HashMap.foreach(HashMap.scala:98)
	at scala.collection.TraversableLike$WithFilter.foreach(TraversableLike.scala:771)
	at kafka.producer.async.DefaultEventHandler.dispatchSerializedData(DefaultEventHandler.scala:100)
	at kafka.producer.async.DefaultEventHandler.handle(DefaultEventHandler.scala:73)
	at kafka.producer.Producer.send(Producer.scala:77)
	at kafka.javaapi.producer.Producer.send(Producer.scala:33)
	at kafka.demo.ProducerTest.run(ProducerTest.java:41)
WARN Thread-1 kafka.producer.async.DefaultEventHandler - Failed to send producer request with correlation id 8 to broker 0 with data for partitions [topic1,0]
java.nio.channels.ClosedChannelException
	at kafka.network.BlockingChannel.send(BlockingChannel.scala:110)
	at kafka.producer.SyncProducer.liftedTree1$1(SyncProducer.scala:75)
	at kafka.producer.SyncProducer.kafka$producer$SyncProducer$$doSend(SyncProducer.scala:74)
	at kafka.producer.SyncProducer$$anonfun$send$1$$anonfun$apply$mcV$sp$1.apply$mcV$sp(SyncProducer.scala:105)
	at kafka.producer.SyncProducer$$anonfun$send$1$$anonfun$apply$mcV$sp$1.apply(SyncProducer.scala:105)
	at kafka.producer.SyncProducer$$anonfun$send$1$$anonfun$apply$mcV$sp$1.apply(SyncProducer.scala:105)
	at kafka.metrics.KafkaTimer.time(KafkaTimer.scala:33)
	at kafka.producer.SyncProducer$$anonfun$send$1.apply$mcV$sp(SyncProducer.scala:104)
	at kafka.producer.SyncProducer$$anonfun$send$1.apply(SyncProducer.scala:104)
	at kafka.producer.SyncProducer$$anonfun$send$1.apply(SyncProducer.scala:104)
	at kafka.metrics.KafkaTimer.time(KafkaTimer.scala:33)
	at kafka.producer.SyncProducer.send(SyncProducer.scala:103)
	at kafka.producer.async.DefaultEventHandler.kafka$producer$async$DefaultEventHandler$$send(DefaultEventHandler.scala:257)
	at kafka.producer.async.DefaultEventHandler$$anonfun$dispatchSerializedData$2.apply(DefaultEventHandler.scala:108)
	at kafka.producer.async.DefaultEventHandler$$anonfun$dispatchSerializedData$2.apply(DefaultEventHandler.scala:100)
	at scala.collection.TraversableLike$WithFilter$$anonfun$foreach$1.apply(TraversableLike.scala:772)
	at scala.collection.mutable.HashMap$$anonfun$foreach$1.apply(HashMap.scala:98)
	at scala.collection.mutable.HashMap$$anonfun$foreach$1.apply(HashMap.scala:98)
	at scala.collection.mutable.HashTable$class.foreachEntry(HashTable.scala:226)
	at scala.collection.mutable.HashMap.foreachEntry(HashMap.scala:39)
	at scala.collection.mutable.HashMap.foreach(HashMap.scala:98)
	at scala.collection.TraversableLike$WithFilter.foreach(TraversableLike.scala:771)
	at kafka.producer.async.DefaultEventHandler.dispatchSerializedData(DefaultEventHandler.scala:100)
	at kafka.producer.async.DefaultEventHandler.handle(DefaultEventHandler.scala:73)
	at kafka.producer.Producer.send(Producer.scala:77)
	at kafka.javaapi.producer.Producer.send(Producer.scala:33)
	at kafka.demo.ProducerTest.run(ProducerTest.java:41)
WARN Thread-1 kafka.producer.async.DefaultEventHandler - Failed to send producer request with correlation id 11 to broker 0 with data for partitions [topic1,0]
java.nio.channels.ClosedChannelException
	at kafka.network.BlockingChannel.send(BlockingChannel.scala:110)
	at kafka.producer.SyncProducer.liftedTree1$1(SyncProducer.scala:75)
	at kafka.producer.SyncProducer.kafka$producer$SyncProducer$$doSend(SyncProducer.scala:74)
	at kafka.producer.SyncProducer$$anonfun$send$1$$anonfun$apply$mcV$sp$1.apply$mcV$sp(SyncProducer.scala:105)
	at kafka.producer.SyncProducer$$anonfun$send$1$$anonfun$apply$mcV$sp$1.apply(SyncProducer.scala:105)
	at kafka.producer.SyncProducer$$anonfun$send$1$$anonfun$apply$mcV$sp$1.apply(SyncProducer.scala:105)
	at kafka.metrics.KafkaTimer.time(KafkaTimer.scala:33)
	at kafka.producer.SyncProducer$$anonfun$send$1.apply$mcV$sp(SyncProducer.scala:104)
	at kafka.producer.SyncProducer$$anonfun$send$1.apply(SyncProducer.scala:104)
	at kafka.producer.SyncProducer$$anonfun$send$1.apply(SyncProducer.scala:104)
	at kafka.metrics.KafkaTimer.time(KafkaTimer.scala:33)
	at kafka.producer.SyncProducer.send(SyncProducer.scala:103)
	at kafka.producer.async.DefaultEventHandler.kafka$producer$async$DefaultEventHandler$$send(DefaultEventHandler.scala:257)
	at kafka.producer.async.DefaultEventHandler$$anonfun$dispatchSerializedData$2.apply(DefaultEventHandler.scala:108)
	at kafka.producer.async.DefaultEventHandler$$anonfun$dispatchSerializedData$2.apply(DefaultEventHandler.scala:100)
	at scala.collection.TraversableLike$WithFilter$$anonfun$foreach$1.apply(TraversableLike.scala:772)
	at scala.collection.mutable.HashMap$$anonfun$foreach$1.apply(HashMap.scala:98)
	at scala.collection.mutable.HashMap$$anonfun$foreach$1.apply(HashMap.scala:98)
	at scala.collection.mutable.HashTable$class.foreachEntry(HashTable.scala:226)
	at scala.collection.mutable.HashMap.foreachEntry(HashMap.scala:39)
	at scala.collection.mutable.HashMap.foreach(HashMap.scala:98)
	at scala.collection.TraversableLike$WithFilter.foreach(TraversableLike.scala:771)
	at kafka.producer.async.DefaultEventHandler.dispatchSerializedData(DefaultEventHandler.scala:100)
	at kafka.producer.async.DefaultEventHandler.handle(DefaultEventHandler.scala:73)
	at kafka.producer.Producer.send(Producer.scala:77)
	at kafka.javaapi.producer.Producer.send(Producer.scala:33)
	at kafka.demo.ProducerTest.run(ProducerTest.java:41)
ERROR Thread-1 kafka.producer.async.DefaultEventHandler - Failed to send requests for topics topic1 with correlation ids in [0,12]
WARN group1_zyl-1478079046014-a5556fc7-leader-finder-thread kafka.client.ClientUtils$ - Fetching topic metadata with correlation id 0 for topics [Set(topic1)] from broker [BrokerEndPoint(0,centos2,9092)] failed
java.nio.channels.ClosedChannelException
	at kafka.network.BlockingChannel.send(BlockingChannel.scala:110)
	at kafka.producer.SyncProducer.liftedTree1$1(SyncProducer.scala:75)
	at kafka.producer.SyncProducer.kafka$producer$SyncProducer$$doSend(SyncProducer.scala:74)
	at kafka.producer.SyncProducer.send(SyncProducer.scala:119)
	at kafka.client.ClientUtils$.fetchTopicMetadata(ClientUtils.scala:59)
	at kafka.client.ClientUtils$.fetchTopicMetadata(ClientUtils.scala:94)
	at kafka.consumer.ConsumerFetcherManager$LeaderFinderThread.doWork(ConsumerFetcherManager.scala:66)
	at kafka.utils.ShutdownableThread.run(ShutdownableThread.scala:63)
WARN group1_zyl-1478079046014-a5556fc7-leader-finder-thread kafka.consumer.ConsumerFetcherManager$LeaderFinderThread - [group1_zyl-1478079046014-a5556fc7-leader-finder-thread], Failed to find leader for Set([topic1,0])
kafka.common.KafkaException: fetching topic metadata for topics [Set(topic1)] from broker [ArrayBuffer(BrokerEndPoint(0,centos2,9092))] failed
	at kafka.client.ClientUtils$.fetchTopicMetadata(ClientUtils.scala:73)
	at kafka.client.ClientUtils$.fetchTopicMetadata(ClientUtils.scala:94)
	at kafka.consumer.ConsumerFetcherManager$LeaderFinderThread.doWork(ConsumerFetcherManager.scala:66)
	at kafka.utils.ShutdownableThread.run(ShutdownableThread.scala:63)
Caused by: java.nio.channels.ClosedChannelException
	at kafka.network.BlockingChannel.send(BlockingChannel.scala:110)
	at kafka.producer.SyncProducer.liftedTree1$1(SyncProducer.scala:75)
	at kafka.producer.SyncProducer.kafka$producer$SyncProducer$$doSend(SyncProducer.scala:74)
	at kafka.producer.SyncProducer.send(SyncProducer.scala:119)
	at kafka.client.ClientUtils$.fetchTopicMetadata(ClientUtils.scala:59)
	... 3 more
WARN group1_zyl-1478079046014-a5556fc7-leader-finder-thread kafka.client.ClientUtils$ - Fetching topic metadata with correlation id 1 for topics [Set(topic1)] from broker [BrokerEndPoint(0,centos2,9092)] failed
java.nio.channels.ClosedChannelException
	at kafka.network.BlockingChannel.send(BlockingChannel.scala:110)
	at kafka.producer.SyncProducer.liftedTree1$1(SyncProducer.scala:75)
	at kafka.producer.SyncProducer.kafka$producer$SyncProducer$$doSend(SyncProducer.scala:74)
	at kafka.producer.SyncProducer.send(SyncProducer.scala:119)
	at kafka.client.ClientUtils$.fetchTopicMetadata(ClientUtils.scala:59)
	at kafka.client.ClientUtils$.fetchTopicMetadata(ClientUtils.scala:94)
	at kafka.consumer.ConsumerFetcherManager$LeaderFinderThread.doWork(ConsumerFetcherManager.scala:66)
	at kafka.utils.ShutdownableThread.run(ShutdownableThread.scala:63)
WARN group1_zyl-1478079046014-a5556fc7-leader-finder-thread kafka.consumer.ConsumerFetcherManager$LeaderFinderThread - [group1_zyl-1478079046014-a5556fc7-leader-finder-thread], Failed to find leader for Set([topic1,0])
kafka.common.KafkaException: fetching topic metadata for topics [Set(topic1)] from broker [ArrayBuffer(BrokerEndPoint(0,centos2,9092))] failed
	at kafka.client.ClientUtils$.fetchTopicMetadata(ClientUtils.scala:73)
	at kafka.client.ClientUtils$.fetchTopicMetadata(ClientUtils.scala:94)
	at kafka.consumer.ConsumerFetcherManager$LeaderFinderThread.doWork(ConsumerFetcherManager.scala:66)
	at kafka.utils.ShutdownableThread.run(ShutdownableThread.scala:63)
Caused by: java.nio.channels.ClosedChannelException
	at kafka.network.BlockingChannel.send(BlockingChannel.scala:110)
	at kafka.producer.SyncProducer.liftedTree1$1(SyncProducer.scala:75)
	at kafka.producer.SyncProducer.kafka$producer$SyncProducer$$doSend(SyncProducer.scala:74)
	at kafka.producer.SyncProducer.send(SyncProducer.scala:119)
	at kafka.client.ClientUtils$.fetchTopicMetadata(ClientUtils.scala:59)
	... 3 more
WARN group1_zyl-1478079046014-a5556fc7-leader-finder-thread kafka.client.ClientUtils$ - Fetching topic metadata with correlation id 2 for topics [Set(topic1)] from broker [BrokerEndPoint(0,centos2,9092)] failed
java.nio.channels.ClosedChannelException
	at kafka.network.BlockingChannel.send(BlockingChannel.scala:110)
	at kafka.producer.SyncProducer.liftedTree1$1(SyncProducer.scala:75)
	at kafka.producer.SyncProducer.kafka$producer$SyncProducer$$doSend(SyncProducer.scala:74)
	at kafka.producer.SyncProducer.send(SyncProducer.scala:119)
	at kafka.client.ClientUtils$.fetchTopicMetadata(ClientUtils.scala:59)
	at kafka.client.ClientUtils$.fetchTopicMetadata(ClientUtils.scala:94)
	at kafka.consumer.ConsumerFetcherManager$LeaderFinderThread.doWork(ConsumerFetcherManager.scala:66)
	at kafka.utils.ShutdownableThread.run(ShutdownableThread.scala:63)
WARN group1_zyl-1478079046014-a5556fc7-leader-finder-thread kafka.consumer.ConsumerFetcherManager$LeaderFinderThread - [group1_zyl-1478079046014-a5556fc7-leader-finder-thread], Failed to find leader for Set([topic1,0])
kafka.common.KafkaException: fetching topic metadata for topics [Set(topic1)] from broker [ArrayBuffer(BrokerEndPoint(0,centos2,9092))] failed
	at kafka.client.ClientUtils$.fetchTopicMetadata(ClientUtils.scala:73)
	at kafka.client.ClientUtils$.fetchTopicMetadata(ClientUtils.scala:94)
	at kafka.consumer.ConsumerFetcherManager$LeaderFinderThread.doWork(ConsumerFetcherManager.scala:66)
	at kafka.utils.ShutdownableThread.run(ShutdownableThread.scala:63)
Caused by: java.nio.channels.ClosedChannelException
	at kafka.network.BlockingChannel.send(BlockingChannel.scala:110)
	at kafka.producer.SyncProducer.liftedTree1$1(SyncProducer.scala:75)
	at kafka.producer.SyncProducer.kafka$producer$SyncProducer$$doSend(SyncProducer.scala:74)
	at kafka.producer.SyncProducer.send(SyncProducer.scala:119)
	at kafka.client.ClientUtils$.fetchTopicMetadata(ClientUtils.scala:59)
	... 3 more
WARN group1_zyl-1478079046014-a5556fc7-leader-finder-thread kafka.client.ClientUtils$ - Fetching topic metadata with correlation id 3 for topics [Set(topic1)] from broker [BrokerEndPoint(0,centos2,9092)] failed
java.nio.channels.ClosedChannelException
	at kafka.network.BlockingChannel.send(BlockingChannel.scala:110)
	at kafka.producer.SyncProducer.liftedTree1$1(SyncProducer.scala:75)
	at kafka.producer.SyncProducer.kafka$producer$SyncProducer$$doSend(SyncProducer.scala:74)
	at kafka.producer.SyncProducer.send(SyncProducer.scala:119)
	at kafka.client.ClientUtils$.fetchTopicMetadata(ClientUtils.scala:59)
	at kafka.client.ClientUtils$.fetchTopicMetadata(ClientUtils.scala:94)
	at kafka.consumer.ConsumerFetcherManager$LeaderFinderThread.doWork(ConsumerFetcherManager.scala:66)
	at kafka.utils.ShutdownableThread.run(ShutdownableThread.scala:63)
WARN group1_zyl-1478079046014-a5556fc7-leader-finder-thread kafka.consumer.ConsumerFetcherManager$LeaderFinderThread - [group1_zyl-1478079046014-a5556fc7-leader-finder-thread], Failed to find leader for Set([topic1,0])
kafka.common.KafkaException: fetching topic metadata for topics [Set(topic1)] from broker [ArrayBuffer(BrokerEndPoint(0,centos2,9092))] failed
	at kafka.client.ClientUtils$.fetchTopicMetadata(ClientUtils.scala:73)
	at kafka.client.ClientUtils$.fetchTopicMetadata(ClientUtils.scala:94)
	at kafka.consumer.ConsumerFetcherManager$LeaderFinderThread.doWork(ConsumerFetcherManager.scala:66)
	at kafka.utils.ShutdownableThread.run(ShutdownableThread.scala:63)
Caused by: java.nio.channels.ClosedChannelException
	at kafka.network.BlockingChannel.send(BlockingChannel.scala:110)
	at kafka.producer.SyncProducer.liftedTree1$1(SyncProducer.scala:75)
	at kafka.producer.SyncProducer.kafka$producer$SyncProducer$$doSend(SyncProducer.scala:74)
	at kafka.producer.SyncProducer.send(SyncProducer.scala:119)
	at kafka.client.ClientUtils$.fetchTopicMetadata(ClientUtils.scala:59)
	... 3 more
WARN group1_zyl-1478079046014-a5556fc7-leader-finder-thread kafka.client.ClientUtils$ - Fetching topic metadata with correlation id 4 for topics [Set(topic1)] from broker [BrokerEndPoint(0,centos2,9092)] failed
java.nio.channels.ClosedChannelException
	at kafka.network.BlockingChannel.send(BlockingChannel.scala:110)
	at kafka.producer.SyncProducer.liftedTree1$1(SyncProducer.scala:75)
	at kafka.producer.SyncProducer.kafka$producer$SyncProducer$$doSend(SyncProducer.scala:74)
	at kafka.producer.SyncProducer.send(SyncProducer.scala:119)
	at kafka.client.ClientUtils$.fetchTopicMetadata(ClientUtils.scala:59)
	at kafka.client.ClientUtils$.fetchTopicMetadata(ClientUtils.scala:94)
	at kafka.consumer.ConsumerFetcherManager$LeaderFinderThread.doWork(ConsumerFetcherManager.scala:66)
	at kafka.utils.ShutdownableThread.run(ShutdownableThread.scala:63)
WARN group1_zyl-1478079046014-a5556fc7-leader-finder-thread kafka.consumer.ConsumerFetcherManager$LeaderFinderThread - [group1_zyl-1478079046014-a5556fc7-leader-finder-thread], Failed to find leader for Set([topic1,0])
kafka.common.KafkaException: fetching topic metadata for topics [Set(topic1)] from broker [ArrayBuffer(BrokerEndPoint(0,centos2,9092))] failed
	at kafka.client.ClientUtils$.fetchTopicMetadata(ClientUtils.scala:73)
	at kafka.client.ClientUtils$.fetchTopicMetadata(ClientUtils.scala:94)
	at kafka.consumer.ConsumerFetcherManager$LeaderFinderThread.doWork(ConsumerFetcherManager.scala:66)
	at kafka.utils.ShutdownableThread.run(ShutdownableThread.scala:63)
Caused by: java.nio.channels.ClosedChannelException
	at kafka.network.BlockingChannel.send(BlockingChannel.scala:110)
	at kafka.producer.SyncProducer.liftedTree1$1(SyncProducer.scala:75)
	at kafka.producer.SyncProducer.kafka$producer$SyncProducer$$doSend(SyncProducer.scala:74)
	at kafka.producer.SyncProducer.send(SyncProducer.scala:119)
	at kafka.client.ClientUtils$.fetchTopicMetadata(ClientUtils.scala:59)
	... 3 more
WARN group1_zyl-1478079046014-a5556fc7-leader-finder-thread kafka.client.ClientUtils$ - Fetching topic metadata with correlation id 5 for topics [Set(topic1)] from broker [BrokerEndPoint(0,centos2,9092)] failed
java.nio.channels.ClosedChannelException
	at kafka.network.BlockingChannel.send(BlockingChannel.scala:110)
	at kafka.producer.SyncProducer.liftedTree1$1(SyncProducer.scala:75)
	at kafka.producer.SyncProducer.kafka$producer$SyncProducer$$doSend(SyncProducer.scala:74)
	at kafka.producer.SyncProducer.send(SyncProducer.scala:119)
	at kafka.client.ClientUtils$.fetchTopicMetadata(ClientUtils.scala:59)
	at kafka.client.ClientUtils$.fetchTopicMetadata(ClientUtils.scala:94)
	at kafka.consumer.ConsumerFetcherManager$LeaderFinderThread.doWork(ConsumerFetcherManager.scala:66)
	at kafka.utils.ShutdownableThread.run(ShutdownableThread.scala:63)
WARN group1_zyl-1478079046014-a5556fc7-leader-finder-thread kafka.consumer.ConsumerFetcherManager$LeaderFinderThread - [group1_zyl-1478079046014-a5556fc7-leader-finder-thread], Failed to find leader for Set([topic1,0])
kafka.common.KafkaException: fetching topic metadata for topics [Set(topic1)] from broker [ArrayBuffer(BrokerEndPoint(0,centos2,9092))] failed
	at kafka.client.ClientUtils$.fetchTopicMetadata(ClientUtils.scala:73)
	at kafka.client.ClientUtils$.fetchTopicMetadata(ClientUtils.scala:94)
	at kafka.consumer.ConsumerFetcherManager$LeaderFinderThread.doWork(ConsumerFetcherManager.scala:66)
	at kafka.utils.ShutdownableThread.run(ShutdownableThread.scala:63)
Caused by: java.nio.channels.ClosedChannelException
	at kafka.network.BlockingChannel.send(BlockingChannel.scala:110)
	at kafka.producer.SyncProducer.liftedTree1$1(SyncProducer.scala:75)
	at kafka.producer.SyncProducer.kafka$producer$SyncProducer$$doSend(SyncProducer.scala:74)
	at kafka.producer.SyncProducer.send(SyncProducer.scala:119)
	at kafka.client.ClientUtils$.fetchTopicMetadata(ClientUtils.scala:59)
	... 3 more
WARN group1_zyl-1478079046014-a5556fc7-leader-finder-thread kafka.client.ClientUtils$ - Fetching topic metadata with correlation id 6 for topics [Set(topic1)] from broker [BrokerEndPoint(0,centos2,9092)] failed
java.nio.channels.ClosedChannelException
	at kafka.network.BlockingChannel.send(BlockingChannel.scala:110)
	at kafka.producer.SyncProducer.liftedTree1$1(SyncProducer.scala:75)
	at kafka.producer.SyncProducer.kafka$producer$SyncProducer$$doSend(SyncProducer.scala:74)
	at kafka.producer.SyncProducer.send(SyncProducer.scala:119)
	at kafka.client.ClientUtils$.fetchTopicMetadata(ClientUtils.scala:59)
	at kafka.client.ClientUtils$.fetchTopicMetadata(ClientUtils.scala:94)
	at kafka.consumer.ConsumerFetcherManager$LeaderFinderThread.doWork(ConsumerFetcherManager.scala:66)
	at kafka.utils.ShutdownableThread.run(ShutdownableThread.scala:63)
WARN group1_zyl-1478079046014-a5556fc7-leader-finder-thread kafka.consumer.ConsumerFetcherManager$LeaderFinderThread - [group1_zyl-1478079046014-a5556fc7-leader-finder-thread], Failed to find leader for Set([topic1,0])
kafka.common.KafkaException: fetching topic metadata for topics [Set(topic1)] from broker [ArrayBuffer(BrokerEndPoint(0,centos2,9092))] failed
	at kafka.client.ClientUtils$.fetchTopicMetadata(ClientUtils.scala:73)
	at kafka.client.ClientUtils$.fetchTopicMetadata(ClientUtils.scala:94)
	at kafka.consumer.ConsumerFetcherManager$LeaderFinderThread.doWork(ConsumerFetcherManager.scala:66)
	at kafka.utils.ShutdownableThread.run(ShutdownableThread.scala:63)
Caused by: java.nio.channels.ClosedChannelException
	at kafka.network.BlockingChannel.send(BlockingChannel.scala:110)
	at kafka.producer.SyncProducer.liftedTree1$1(SyncProducer.scala:75)
	at kafka.producer.SyncProducer.kafka$producer$SyncProducer$$doSend(SyncProducer.scala:74)
	at kafka.producer.SyncProducer.send(SyncProducer.scala:119)
	at kafka.client.ClientUtils$.fetchTopicMetadata(ClientUtils.scala:59)
	... 3 more
WARN group1_zyl-1478079046014-a5556fc7-leader-finder-thread kafka.client.ClientUtils$ - Fetching topic metadata with correlation id 7 for topics [Set(topic1)] from broker [BrokerEndPoint(0,centos2,9092)] failed
java.nio.channels.ClosedChannelException
	at kafka.network.BlockingChannel.send(BlockingChannel.scala:110)
	at kafka.producer.SyncProducer.liftedTree1$1(SyncProducer.scala:75)
	at kafka.producer.SyncProducer.kafka$producer$SyncProducer$$doSend(SyncProducer.scala:74)
	at kafka.producer.SyncProducer.send(SyncProducer.scala:119)
	at kafka.client.ClientUtils$.fetchTopicMetadata(ClientUtils.scala:59)
	at kafka.client.ClientUtils$.fetchTopicMetadata(ClientUtils.scala:94)
	at kafka.consumer.ConsumerFetcherManager$LeaderFinderThread.doWork(ConsumerFetcherManager.scala:66)
	at kafka.utils.ShutdownableThread.run(ShutdownableThread.scala:63)
WARN group1_zyl-1478079046014-a5556fc7-leader-finder-thread kafka.consumer.ConsumerFetcherManager$LeaderFinderThread - [group1_zyl-1478079046014-a5556fc7-leader-finder-thread], Failed to find leader for Set([topic1,0])
kafka.common.KafkaException: fetching topic metadata for topics [Set(topic1)] from broker [ArrayBuffer(BrokerEndPoint(0,centos2,9092))] failed
	at kafka.client.ClientUtils$.fetchTopicMetadata(ClientUtils.scala:73)
	at kafka.client.ClientUtils$.fetchTopicMetadata(ClientUtils.scala:94)
	at kafka.consumer.ConsumerFetcherManager$LeaderFinderThread.doWork(ConsumerFetcherManager.scala:66)
	at kafka.utils.ShutdownableThread.run(ShutdownableThread.scala:63)
Caused by: java.nio.channels.ClosedChannelException
	at kafka.network.BlockingChannel.send(BlockingChannel.scala:110)
	at kafka.producer.SyncProducer.liftedTree1$1(SyncProducer.scala:75)
	at kafka.producer.SyncProducer.kafka$producer$SyncProducer$$doSend(SyncProducer.scala:74)
	at kafka.producer.SyncProducer.send(SyncProducer.scala:119)
	at kafka.client.ClientUtils$.fetchTopicMetadata(ClientUtils.scala:59)
	... 3 more
WARN group1_zyl-1478079046014-a5556fc7-leader-finder-thread kafka.client.ClientUtils$ - Fetching topic metadata with correlation id 8 for topics [Set(topic1)] from broker [BrokerEndPoint(0,centos2,9092)] failed
java.nio.channels.ClosedChannelException
	at kafka.network.BlockingChannel.send(BlockingChannel.scala:110)
	at kafka.producer.SyncProducer.liftedTree1$1(SyncProducer.scala:75)
	at kafka.producer.SyncProducer.kafka$producer$SyncProducer$$doSend(SyncProducer.scala:74)
	at kafka.producer.SyncProducer.send(SyncProducer.scala:119)
	at kafka.client.ClientUtils$.fetchTopicMetadata(ClientUtils.scala:59)
	at kafka.client.ClientUtils$.fetchTopicMetadata(ClientUtils.scala:94)
	at kafka.consumer.ConsumerFetcherManager$LeaderFinderThread.doWork(ConsumerFetcherManager.scala:66)
	at kafka.utils.ShutdownableThread.run(ShutdownableThread.scala:63)
WARN group1_zyl-1478079046014-a5556fc7-leader-finder-thread kafka.consumer.ConsumerFetcherManager$LeaderFinderThread - [group1_zyl-1478079046014-a5556fc7-leader-finder-thread], Failed to find leader for Set([topic1,0])
kafka.common.KafkaException: fetching topic metadata for topics [Set(topic1)] from broker [ArrayBuffer(BrokerEndPoint(0,centos2,9092))] failed
	at kafka.client.ClientUtils$.fetchTopicMetadata(ClientUtils.scala:73)
	at kafka.client.ClientUtils$.fetchTopicMetadata(ClientUtils.scala:94)
	at kafka.consumer.ConsumerFetcherManager$LeaderFinderThread.doWork(ConsumerFetcherManager.scala:66)
	at kafka.utils.ShutdownableThread.run(ShutdownableThread.scala:63)
Caused by: java.nio.channels.ClosedChannelException
	at kafka.network.BlockingChannel.send(BlockingChannel.scala:110)
	at kafka.producer.SyncProducer.liftedTree1$1(SyncProducer.scala:75)
	at kafka.producer.SyncProducer.kafka$producer$SyncProducer$$doSend(SyncProducer.scala:74)
	at kafka.producer.SyncProducer.send(SyncProducer.scala:119)
	at kafka.client.ClientUtils$.fetchTopicMetadata(ClientUtils.scala:59)
	... 3 more
WARN group1_zyl-1478079046014-a5556fc7-leader-finder-thread kafka.client.ClientUtils$ - Fetching topic metadata with correlation id 9 for topics [Set(topic1)] from broker [BrokerEndPoint(0,centos2,9092)] failed
java.nio.channels.ClosedChannelException
	at kafka.network.BlockingChannel.send(BlockingChannel.scala:110)
	at kafka.producer.SyncProducer.liftedTree1$1(SyncProducer.scala:75)
	at kafka.producer.SyncProducer.kafka$producer$SyncProducer$$doSend(SyncProducer.scala:74)
	at kafka.producer.SyncProducer.send(SyncProducer.scala:119)
	at kafka.client.ClientUtils$.fetchTopicMetadata(ClientUtils.scala:59)
	at kafka.client.ClientUtils$.fetchTopicMetadata(ClientUtils.scala:94)
	at kafka.consumer.ConsumerFetcherManager$LeaderFinderThread.doWork(ConsumerFetcherManager.scala:66)
	at kafka.utils.ShutdownableThread.run(ShutdownableThread.scala:63)
WARN group1_zyl-1478079046014-a5556fc7-leader-finder-thread kafka.consumer.ConsumerFetcherManager$LeaderFinderThread - [group1_zyl-1478079046014-a5556fc7-leader-finder-thread], Failed to find leader for Set([topic1,0])
kafka.common.KafkaException: fetching topic metadata for topics [Set(topic1)] from broker [ArrayBuffer(BrokerEndPoint(0,centos2,9092))] failed
	at kafka.client.ClientUtils$.fetchTopicMetadata(ClientUtils.scala:73)
	at kafka.client.ClientUtils$.fetchTopicMetadata(ClientUtils.scala:94)
	at kafka.consumer.ConsumerFetcherManager$LeaderFinderThread.doWork(ConsumerFetcherManager.scala:66)
	at kafka.utils.ShutdownableThread.run(ShutdownableThread.scala:63)
Caused by: java.nio.channels.ClosedChannelException
	at kafka.network.BlockingChannel.send(BlockingChannel.scala:110)
	at kafka.producer.SyncProducer.liftedTree1$1(SyncProducer.scala:75)
	at kafka.producer.SyncProducer.kafka$producer$SyncProducer$$doSend(SyncProducer.scala:74)
	at kafka.producer.SyncProducer.send(SyncProducer.scala:119)
	at kafka.client.ClientUtils$.fetchTopicMetadata(ClientUtils.scala:59)
	... 3 more
WARN group1_zyl-1478079046014-a5556fc7-leader-finder-thread kafka.client.ClientUtils$ - Fetching topic metadata with correlation id 10 for topics [Set(topic1)] from broker [BrokerEndPoint(0,centos2,9092)] failed
java.nio.channels.ClosedChannelException
	at kafka.network.BlockingChannel.send(BlockingChannel.scala:110)
	at kafka.producer.SyncProducer.liftedTree1$1(SyncProducer.scala:75)
	at kafka.producer.SyncProducer.kafka$producer$SyncProducer$$doSend(SyncProducer.scala:74)
	at kafka.producer.SyncProducer.send(SyncProducer.scala:119)
	at kafka.client.ClientUtils$.fetchTopicMetadata(ClientUtils.scala:59)
	at kafka.client.ClientUtils$.fetchTopicMetadata(ClientUtils.scala:94)
	at kafka.consumer.ConsumerFetcherManager$LeaderFinderThread.doWork(ConsumerFetcherManager.scala:66)
	at kafka.utils.ShutdownableThread.run(ShutdownableThread.scala:63)
WARN group1_zyl-1478079046014-a5556fc7-leader-finder-thread kafka.consumer.ConsumerFetcherManager$LeaderFinderThread - [group1_zyl-1478079046014-a5556fc7-leader-finder-thread], Failed to find leader for Set([topic1,0])
kafka.common.KafkaException: fetching topic metadata for topics [Set(topic1)] from broker [ArrayBuffer(BrokerEndPoint(0,centos2,9092))] failed
	at kafka.client.ClientUtils$.fetchTopicMetadata(ClientUtils.scala:73)
	at kafka.client.ClientUtils$.fetchTopicMetadata(ClientUtils.scala:94)
	at kafka.consumer.ConsumerFetcherManager$LeaderFinderThread.doWork(ConsumerFetcherManager.scala:66)
	at kafka.utils.ShutdownableThread.run(ShutdownableThread.scala:63)
Caused by: java.nio.channels.ClosedChannelException
	at kafka.network.BlockingChannel.send(BlockingChannel.scala:110)
	at kafka.producer.SyncProducer.liftedTree1$1(SyncProducer.scala:75)
	at kafka.producer.SyncProducer.kafka$producer$SyncProducer$$doSend(SyncProducer.scala:74)
	at kafka.producer.SyncProducer.send(SyncProducer.scala:119)
	at kafka.client.ClientUtils$.fetchTopicMetadata(ClientUtils.scala:59)
	... 3 more
WARN group1_zyl-1478079046014-a5556fc7-leader-finder-thread kafka.client.ClientUtils$ - Fetching topic metadata with correlation id 11 for topics [Set(topic1)] from broker [BrokerEndPoint(0,centos2,9092)] failed
java.nio.channels.ClosedChannelException
	at kafka.network.BlockingChannel.send(BlockingChannel.scala:110)
	at kafka.producer.SyncProducer.liftedTree1$1(SyncProducer.scala:75)
	at kafka.producer.SyncProducer.kafka$producer$SyncProducer$$doSend(SyncProducer.scala:74)
	at kafka.producer.SyncProducer.send(SyncProducer.scala:119)
	at kafka.client.ClientUtils$.fetchTopicMetadata(ClientUtils.scala:59)
	at kafka.client.ClientUtils$.fetchTopicMetadata(ClientUtils.scala:94)
	at kafka.consumer.ConsumerFetcherManager$LeaderFinderThread.doWork(ConsumerFetcherManager.scala:66)
	at kafka.utils.ShutdownableThread.run(ShutdownableThread.scala:63)
WARN group1_zyl-1478079046014-a5556fc7-leader-finder-thread kafka.consumer.ConsumerFetcherManager$LeaderFinderThread - [group1_zyl-1478079046014-a5556fc7-leader-finder-thread], Failed to find leader for Set([topic1,0])
kafka.common.KafkaException: fetching topic metadata for topics [Set(topic1)] from broker [ArrayBuffer(BrokerEndPoint(0,centos2,9092))] failed
	at kafka.client.ClientUtils$.fetchTopicMetadata(ClientUtils.scala:73)
	at kafka.client.ClientUtils$.fetchTopicMetadata(ClientUtils.scala:94)
	at kafka.consumer.ConsumerFetcherManager$LeaderFinderThread.doWork(ConsumerFetcherManager.scala:66)
	at kafka.utils.ShutdownableThread.run(ShutdownableThread.scala:63)
Caused by: java.nio.channels.ClosedChannelException
	at kafka.network.BlockingChannel.send(BlockingChannel.scala:110)
	at kafka.producer.SyncProducer.liftedTree1$1(SyncProducer.scala:75)
	at kafka.producer.SyncProducer.kafka$producer$SyncProducer$$doSend(SyncProducer.scala:74)
	at kafka.producer.SyncProducer.send(SyncProducer.scala:119)
	at kafka.client.ClientUtils$.fetchTopicMetadata(ClientUtils.scala:59)
	... 3 more
WARN main org.apache.kafka.common.utils.AppInfoParser - Error registering AppInfo mbean
javax.management.InstanceAlreadyExistsException: kafka.producer:type=app-info,id=DemoProducer
	at com.sun.jmx.mbeanserver.Repository.addMBean(Unknown Source)
	at com.sun.jmx.interceptor.DefaultMBeanServerInterceptor.registerWithRepository(Unknown Source)
	at com.sun.jmx.interceptor.DefaultMBeanServerInterceptor.registerDynamicMBean(Unknown Source)
	at com.sun.jmx.interceptor.DefaultMBeanServerInterceptor.registerObject(Unknown Source)
	at com.sun.jmx.interceptor.DefaultMBeanServerInterceptor.registerMBean(Unknown Source)
	at com.sun.jmx.mbeanserver.JmxMBeanServer.registerMBean(Unknown Source)
	at org.apache.kafka.common.utils.AppInfoParser.registerAppInfo(AppInfoParser.java:57)
	at org.apache.kafka.clients.producer.KafkaProducer.<init>(KafkaProducer.java:314)
	at org.apache.kafka.clients.producer.KafkaProducer.<init>(KafkaProducer.java:181)
	at kafka.examples.Producer.<init>(Producer.java:40)
	at kafka.examples.SimpleConsumerDemo.generateData(SimpleConsumerDemo.java:47)
	at kafka.examples.SimpleConsumerDemo.main(SimpleConsumerDemo.java:57)
WARN Thread-1 kafka.utils.VerifiableProperties - Property zookeeper.connect is not valid
WARN Thread-1 kafka.utils.VerifiableProperties - Property zookeeper.connect is not valid
WARN Thread-1 kafka.utils.VerifiableProperties - Property zookeeper.connect is not valid
WARN Thread-2 kafka.utils.VerifiableProperties - Property zookeeper.connect is not valid
WARN Thread-1 kafka.client.ClientUtils$ - Fetching topic metadata with correlation id 0 for topics [Set(topic1)] from broker [BrokerEndPoint(0,192.168.125.128,9092)] failed
java.nio.channels.ClosedChannelException
	at kafka.network.BlockingChannel.send(BlockingChannel.scala:110)
	at kafka.producer.SyncProducer.liftedTree1$1(SyncProducer.scala:75)
	at kafka.producer.SyncProducer.kafka$producer$SyncProducer$$doSend(SyncProducer.scala:74)
	at kafka.producer.SyncProducer.send(SyncProducer.scala:119)
	at kafka.client.ClientUtils$.fetchTopicMetadata(ClientUtils.scala:59)
	at kafka.producer.BrokerPartitionInfo.updateInfo(BrokerPartitionInfo.scala:82)
	at kafka.producer.async.DefaultEventHandler$$anonfun$handle$1.apply$mcV$sp(DefaultEventHandler.scala:68)
	at kafka.utils.CoreUtils$.swallow(CoreUtils.scala:79)
	at kafka.utils.Logging$class.swallowError(Logging.scala:106)
	at kafka.utils.CoreUtils$.swallowError(CoreUtils.scala:51)
	at kafka.producer.async.DefaultEventHandler.handle(DefaultEventHandler.scala:68)
	at kafka.producer.Producer.send(Producer.scala:77)
	at kafka.javaapi.producer.Producer.send(Producer.scala:33)
	at kafka.demo.ProducerTest.run(ProducerTest.java:41)
ERROR Thread-1 kafka.utils.CoreUtils$ - fetching topic metadata for topics [Set(topic1)] from broker [ArrayBuffer(BrokerEndPoint(0,192.168.125.128,9092))] failed
kafka.common.KafkaException: fetching topic metadata for topics [Set(topic1)] from broker [ArrayBuffer(BrokerEndPoint(0,192.168.125.128,9092))] failed
	at kafka.client.ClientUtils$.fetchTopicMetadata(ClientUtils.scala:73)
	at kafka.producer.BrokerPartitionInfo.updateInfo(BrokerPartitionInfo.scala:82)
	at kafka.producer.async.DefaultEventHandler$$anonfun$handle$1.apply$mcV$sp(DefaultEventHandler.scala:68)
	at kafka.utils.CoreUtils$.swallow(CoreUtils.scala:79)
	at kafka.utils.Logging$class.swallowError(Logging.scala:106)
	at kafka.utils.CoreUtils$.swallowError(CoreUtils.scala:51)
	at kafka.producer.async.DefaultEventHandler.handle(DefaultEventHandler.scala:68)
	at kafka.producer.Producer.send(Producer.scala:77)
	at kafka.javaapi.producer.Producer.send(Producer.scala:33)
	at kafka.demo.ProducerTest.run(ProducerTest.java:41)
Caused by: java.nio.channels.ClosedChannelException
	at kafka.network.BlockingChannel.send(BlockingChannel.scala:110)
	at kafka.producer.SyncProducer.liftedTree1$1(SyncProducer.scala:75)
	at kafka.producer.SyncProducer.kafka$producer$SyncProducer$$doSend(SyncProducer.scala:74)
	at kafka.producer.SyncProducer.send(SyncProducer.scala:119)
	at kafka.client.ClientUtils$.fetchTopicMetadata(ClientUtils.scala:59)
	... 9 more
WARN Thread-1 kafka.client.ClientUtils$ - Fetching topic metadata with correlation id 1 for topics [Set(topic1)] from broker [BrokerEndPoint(0,192.168.125.128,9092)] failed
java.nio.channels.ClosedChannelException
	at kafka.network.BlockingChannel.send(BlockingChannel.scala:110)
	at kafka.producer.SyncProducer.liftedTree1$1(SyncProducer.scala:75)
	at kafka.producer.SyncProducer.kafka$producer$SyncProducer$$doSend(SyncProducer.scala:74)
	at kafka.producer.SyncProducer.send(SyncProducer.scala:119)
	at kafka.client.ClientUtils$.fetchTopicMetadata(ClientUtils.scala:59)
	at kafka.producer.BrokerPartitionInfo.updateInfo(BrokerPartitionInfo.scala:82)
	at kafka.producer.BrokerPartitionInfo.getBrokerPartitionInfo(BrokerPartitionInfo.scala:49)
	at kafka.producer.async.DefaultEventHandler.kafka$producer$async$DefaultEventHandler$$getPartitionListForTopic(DefaultEventHandler.scala:188)
	at kafka.producer.async.DefaultEventHandler$$anonfun$partitionAndCollate$1.apply(DefaultEventHandler.scala:152)
	at kafka.producer.async.DefaultEventHandler$$anonfun$partitionAndCollate$1.apply(DefaultEventHandler.scala:151)
	at scala.collection.mutable.ResizableArray$class.foreach(ResizableArray.scala:59)
	at scala.collection.mutable.ArrayBuffer.foreach(ArrayBuffer.scala:47)
	at kafka.producer.async.DefaultEventHandler.partitionAndCollate(DefaultEventHandler.scala:151)
	at kafka.producer.async.DefaultEventHandler.dispatchSerializedData(DefaultEventHandler.scala:96)
	at kafka.producer.async.DefaultEventHandler.handle(DefaultEventHandler.scala:73)
	at kafka.producer.Producer.send(Producer.scala:77)
	at kafka.javaapi.producer.Producer.send(Producer.scala:33)
	at kafka.demo.ProducerTest.run(ProducerTest.java:41)
ERROR Thread-1 kafka.producer.async.DefaultEventHandler - Failed to collate messages by topic, partition due to: fetching topic metadata for topics [Set(topic1)] from broker [ArrayBuffer(BrokerEndPoint(0,192.168.125.128,9092))] failed
WARN Thread-1 kafka.client.ClientUtils$ - Fetching topic metadata with correlation id 2 for topics [Set(topic1)] from broker [BrokerEndPoint(0,192.168.125.128,9092)] failed
java.nio.channels.ClosedChannelException
	at kafka.network.BlockingChannel.send(BlockingChannel.scala:110)
	at kafka.producer.SyncProducer.liftedTree1$1(SyncProducer.scala:75)
	at kafka.producer.SyncProducer.kafka$producer$SyncProducer$$doSend(SyncProducer.scala:74)
	at kafka.producer.SyncProducer.send(SyncProducer.scala:119)
	at kafka.client.ClientUtils$.fetchTopicMetadata(ClientUtils.scala:59)
	at kafka.producer.BrokerPartitionInfo.updateInfo(BrokerPartitionInfo.scala:82)
	at kafka.producer.async.DefaultEventHandler$$anonfun$handle$2.apply$mcV$sp(DefaultEventHandler.scala:79)
	at kafka.utils.CoreUtils$.swallow(CoreUtils.scala:79)
	at kafka.utils.Logging$class.swallowError(Logging.scala:106)
	at kafka.utils.CoreUtils$.swallowError(CoreUtils.scala:51)
	at kafka.producer.async.DefaultEventHandler.handle(DefaultEventHandler.scala:79)
	at kafka.producer.Producer.send(Producer.scala:77)
	at kafka.javaapi.producer.Producer.send(Producer.scala:33)
	at kafka.demo.ProducerTest.run(ProducerTest.java:41)
ERROR Thread-1 kafka.utils.CoreUtils$ - fetching topic metadata for topics [Set(topic1)] from broker [ArrayBuffer(BrokerEndPoint(0,192.168.125.128,9092))] failed
kafka.common.KafkaException: fetching topic metadata for topics [Set(topic1)] from broker [ArrayBuffer(BrokerEndPoint(0,192.168.125.128,9092))] failed
	at kafka.client.ClientUtils$.fetchTopicMetadata(ClientUtils.scala:73)
	at kafka.producer.BrokerPartitionInfo.updateInfo(BrokerPartitionInfo.scala:82)
	at kafka.producer.async.DefaultEventHandler$$anonfun$handle$2.apply$mcV$sp(DefaultEventHandler.scala:79)
	at kafka.utils.CoreUtils$.swallow(CoreUtils.scala:79)
	at kafka.utils.Logging$class.swallowError(Logging.scala:106)
	at kafka.utils.CoreUtils$.swallowError(CoreUtils.scala:51)
	at kafka.producer.async.DefaultEventHandler.handle(DefaultEventHandler.scala:79)
	at kafka.producer.Producer.send(Producer.scala:77)
	at kafka.javaapi.producer.Producer.send(Producer.scala:33)
	at kafka.demo.ProducerTest.run(ProducerTest.java:41)
Caused by: java.nio.channels.ClosedChannelException
	at kafka.network.BlockingChannel.send(BlockingChannel.scala:110)
	at kafka.producer.SyncProducer.liftedTree1$1(SyncProducer.scala:75)
	at kafka.producer.SyncProducer.kafka$producer$SyncProducer$$doSend(SyncProducer.scala:74)
	at kafka.producer.SyncProducer.send(SyncProducer.scala:119)
	at kafka.client.ClientUtils$.fetchTopicMetadata(ClientUtils.scala:59)
	... 9 more
WARN Thread-1 kafka.utils.VerifiableProperties - Property zookeeper.connect is not valid
WARN Thread-0-SendThread(192.168.125.128:2181) org.apache.zookeeper.ClientCnxn - Session 0x0 for server null, unexpected error, closing socket connection and attempting reconnect
java.net.ConnectException: Connection refused: no further information
	at sun.nio.ch.SocketChannelImpl.checkConnect(Native Method)
	at sun.nio.ch.SocketChannelImpl.finishConnect(Unknown Source)
	at org.apache.zookeeper.ClientCnxnSocketNIO.doTransport(ClientCnxnSocketNIO.java:361)
	at org.apache.zookeeper.ClientCnxn$SendThread.run(ClientCnxn.java:1081)
WARN Thread-0-SendThread(192.168.125.128:2181) org.apache.zookeeper.ClientCnxn - Session 0x0 for server null, unexpected error, closing socket connection and attempting reconnect
java.net.ConnectException: Connection refused: no further information
	at sun.nio.ch.SocketChannelImpl.checkConnect(Native Method)
	at sun.nio.ch.SocketChannelImpl.finishConnect(Unknown Source)
	at org.apache.zookeeper.ClientCnxnSocketNIO.doTransport(ClientCnxnSocketNIO.java:361)
	at org.apache.zookeeper.ClientCnxn$SendThread.run(ClientCnxn.java:1081)
WARN Thread-0-SendThread(192.168.125.128:2181) org.apache.zookeeper.ClientCnxn - Session 0x0 for server null, unexpected error, closing socket connection and attempting reconnect
java.net.ConnectException: Connection refused: no further information
	at sun.nio.ch.SocketChannelImpl.checkConnect(Native Method)
	at sun.nio.ch.SocketChannelImpl.finishConnect(Unknown Source)
	at org.apache.zookeeper.ClientCnxnSocketNIO.doTransport(ClientCnxnSocketNIO.java:361)
	at org.apache.zookeeper.ClientCnxn$SendThread.run(ClientCnxn.java:1081)
WARN Thread-1 kafka.utils.VerifiableProperties - Property zookeeper.connect is not valid
WARN Thread-1 kafka.utils.VerifiableProperties - Property zookeeper.connect is not valid
WARN Thread-1 kafka.utils.VerifiableProperties - Property zookeeper.connect is not valid
WARN Thread-0 kafka.consumer.RangeAssignor - No broker partitions consumed by consumer thread group1_zyl-1478230683536-2de74251-0 for topic topic1
WARN Thread-1 kafka.utils.VerifiableProperties - Property zookeeper.connect is not valid
WARN Thread-1 kafka.producer.BrokerPartitionInfo - Error while fetching metadata [{TopicMetadata for topic topic1 -> 
No partition metadata for topic topic1 due to kafka.common.LeaderNotAvailableException}] for topic [topic1]: class kafka.common.LeaderNotAvailableException 
WARN Thread-1 kafka.producer.BrokerPartitionInfo - Error while fetching metadata [{TopicMetadata for topic topic1 -> 
No partition metadata for topic topic1 due to kafka.common.LeaderNotAvailableException}] for topic [topic1]: class kafka.common.LeaderNotAvailableException 
ERROR Thread-1 kafka.producer.async.DefaultEventHandler - Failed to collate messages by topic, partition due to: Failed to fetch topic metadata for topic: topic1
WARN Thread-1 kafka.utils.VerifiableProperties - Property zookeeper.connect is not valid
WARN kafka-producer-network-thread | producer-1 org.apache.kafka.clients.NetworkClient - Error while fetching metadata with correlation id 0 : {topic111=LEADER_NOT_AVAILABLE}
WARN kafka-producer-network-thread | producer-1 org.apache.kafka.clients.NetworkClient - Error while fetching metadata with correlation id 1 : {topic111=LEADER_NOT_AVAILABLE}
WARN kafka-producer-network-thread | producer-1 org.apache.kafka.clients.NetworkClient - Error while fetching metadata with correlation id 2 : {topic111=LEADER_NOT_AVAILABLE}
WARN kafka-producer-network-thread | producer-1 org.apache.kafka.clients.NetworkClient - Error while fetching metadata with correlation id 3 : {topic111=LEADER_NOT_AVAILABLE}
WARN kafka-producer-network-thread | producer-1 org.apache.kafka.clients.NetworkClient - Error while fetching metadata with correlation id 4 : {topic111=LEADER_NOT_AVAILABLE}
